Using pre-set license
Built from '2020.3/staging' branch; Version is '2020.3.5f1 (8095aa901b9b) revision 8426922'; Using compiler version '192528614'; Build Type 'Release'
OS: 'Windows 10 Pro; OS build 19042.1288; Version 2009; 64bit' Language: 'en' Physical Memory: 16328 MB
BatchMode: 1, IsHumanControllingUs: 0, StartBugReporterOnCrash: 0, Is64bit: 1, IsPro: 0

 COMMAND LINE ARGUMENTS:
F:\AC - Projects\Oonity\2020.3.5f1\Editor\Unity.exe
-adb2
-batchMode
-noUpm
-name
AssetImportWorker3
-projectPath
F:/AC - Projects/WR2/WillysRevenge2
-logFile
Logs/AssetImportWorker3.log
-srvPort
54556
Successfully changed project path to: F:/AC - Projects/WR2/WillysRevenge2
F:/AC - Projects/WR2/WillysRevenge2
Using Asset Import Pipeline V2.
Refreshing native plugins compatible for Editor in 122.98 ms, found 0 plugins.
Preloading 0 native plugins for Editor in 0.00 ms.
Initialize engine version: 2020.3.5f1 (8095aa901b9b)
[Subsystems] Discovering subsystems at path F:/AC - Projects/Oonity/2020.3.5f1/Editor/Data/Resources/UnitySubsystems
[Subsystems] Discovering subsystems at path F:/AC - Projects/WR2/WillysRevenge2/Assets
GfxDevice: creating device client; threaded=0
Direct3D:
    Version:  Direct3D 11.0 [level 11.1]
    Renderer: NVIDIA GeForce GTX 1060 6GB (ID=0x1c03)
    Vendor:   
    VRAM:     6052 MB
    Driver:   27.21.14.5671
Shader 'Universal Render Pipeline/Particles/Lit': fallback shader 'Universal Render Pipeline/Particles/SimpleLit' not found
Initialize mono
Mono path[0] = 'F:/AC - Projects/Oonity/2020.3.5f1/Editor/Data/Managed'
Mono path[1] = 'F:/AC - Projects/Oonity/2020.3.5f1/Editor/Data/MonoBleedingEdge/lib/mono/unityjit'
Mono config path = 'F:/AC - Projects/Oonity/2020.3.5f1/Editor/Data/MonoBleedingEdge/etc'
Using monoOptions --debugger-agent=transport=dt_socket,embedding=1,server=y,suspend=n,address=127.0.0.1:56472
Begin MonoManager ReloadAssembly
Registering precompiled unity dll's ...
Register platform support module: F:/AC - Projects/Oonity/2020.3.5f1/Editor/Data/PlaybackEngines/WindowsStandaloneSupport/UnityEditor.WindowsStandalone.Extensions.dll
Registered in 0.002290 seconds.
Native extension for WindowsStandalone target not found
Refreshing native plugins compatible for Editor in 123.03 ms, found 0 plugins.
Preloading 0 native plugins for Editor in 0.00 ms.
Mono: successfully reloaded assembly
- Completed reload, in  4.369 seconds
Platform modules already initialized, skipping
Registering precompiled user dll's ...
Registered in 0.007957 seconds.
Begin MonoManager ReloadAssembly
Native extension for WindowsStandalone target not found
Refreshing native plugins compatible for Editor in 119.94 ms, found 0 plugins.
Preloading 0 native plugins for Editor in 0.00 ms.
Mono: successfully reloaded assembly
- Completed reload, in  1.658 seconds
Platform modules already initialized, skipping
========================================================================
Worker process is ready to serve import requests
Shader 'Universal Render Pipeline/Particles/Lit': fallback shader 'Universal Render Pipeline/Particles/SimpleLit' not found
Launched and connected shader compiler UnityShaderCompiler.exe after 0.65 seconds
Refreshing native plugins compatible for Editor in 1.02 ms, found 0 plugins.
Preloading 0 native plugins for Editor in 0.00 ms.
Unloading 3779 Unused Serialized files (Serialized files now loaded: 0)
System memory in use before: 167.7 MB.
System memory in use after: 167.9 MB.

Unloading 37 unused Assets to reduce memory usage. Loaded Objects now: 4213.
Total: 3.943100 ms (FindLiveObjects: 0.534200 ms CreateObjectMapping: 0.372300 ms MarkObjects: 3.001000 ms  DeleteObjects: 0.033900 ms)

========================================================================
Received Import Request.
  path: Assets/Levels/Level38.unity
  artifactKey: Guid(1dac2bc08202b144bb126b85ddccac0a) Importer(815301076,1909f56bfc062723c751e8b465ee728b)
Start importing Assets/Levels/Level38.unity using Guid(1dac2bc08202b144bb126b85ddccac0a) Importer(815301076,1909f56bfc062723c751e8b465ee728b)  -> (artifact id: '0311dc2a29c3d65218e58328e2792681') in 0.034346 seconds
  Import took 0.056303 seconds .

========================================================================
Received Import Request.
  Time since last request: 63.000489 seconds.
  path: Assets/Levels/Level39.unity
  artifactKey: Guid(8215d44e4943df74b81ad12cd11b9207) Importer(815301076,1909f56bfc062723c751e8b465ee728b)
Start importing Assets/Levels/Level39.unity using Guid(8215d44e4943df74b81ad12cd11b9207) Importer(815301076,1909f56bfc062723c751e8b465ee728b)  -> (artifact id: '933f81d6568cc6ddf34d2984afcefc99') in 0.011100 seconds
  Import took 0.086279 seconds .

========================================================================
Received Import Request.
  Time since last request: 74.517588 seconds.
  path: Assets/Levels/Level40.unity
  artifactKey: Guid(d56c7784e010ee840ad60e05ec804785) Importer(815301076,1909f56bfc062723c751e8b465ee728b)
Start importing Assets/Levels/Level40.unity using Guid(d56c7784e010ee840ad60e05ec804785) Importer(815301076,1909f56bfc062723c751e8b465ee728b)  -> (artifact id: 'c8038df32be21b7ec5c4f90dba891112') in 0.011846 seconds
  Import took 0.047850 seconds .

========================================================================
Received Import Request.
  Time since last request: 134.812197 seconds.
  path: Assets/Levels/Level41.unity
  artifactKey: Guid(5952cb888b05a2346a73770e56a7a462) Importer(815301076,1909f56bfc062723c751e8b465ee728b)
Start importing Assets/Levels/Level41.unity using Guid(5952cb888b05a2346a73770e56a7a462) Importer(815301076,1909f56bfc062723c751e8b465ee728b)  -> (artifact id: '6402a5995523969ccde54a966213cfb7') in 0.014235 seconds
  Import took 0.088834 seconds .

========================================================================
Received Prepare
Registering precompiled user dll's ...
Registered in 0.007599 seconds.
Begin MonoManager ReloadAssembly
Native extension for WindowsStandalone target not found
Refreshing native plugins compatible for Editor in 1.04 ms, found 0 plugins.
Preloading 0 native plugins for Editor in 0.00 ms.
Mono: successfully reloaded assembly
- Completed reload, in  1.347 seconds
Platform modules already initialized, skipping
Shader 'Universal Render Pipeline/Particles/Lit': fallback shader 'Universal Render Pipeline/Particles/SimpleLit' not found
Refreshing native plugins compatible for Editor in 1.06 ms, found 0 plugins.
Preloading 0 native plugins for Editor in 0.00 ms.
Unloading 3618 Unused Serialized files (Serialized files now loaded: 0)
System memory in use before: 156.0 MB.
System memory in use after: 156.2 MB.

Unloading 27 unused Assets to reduce memory usage. Loaded Objects now: 4215.
Total: 4.277900 ms (FindLiveObjects: 0.969200 ms CreateObjectMapping: 0.433100 ms MarkObjects: 2.841700 ms  DeleteObjects: 0.032100 ms)

========================================================================
Received Prepare
Registering precompiled user dll's ...
Registered in 0.007156 seconds.
Begin MonoManager ReloadAssembly
Native extension for WindowsStandalone target not found
Refreshing native plugins compatible for Editor in 1.03 ms, found 0 plugins.
Preloading 0 native plugins for Editor in 0.00 ms.
Mono: successfully reloaded assembly
- Completed reload, in  1.290 seconds
Platform modules already initialized, skipping
Shader 'Universal Render Pipeline/Particles/Lit': fallback shader 'Universal Render Pipeline/Particles/SimpleLit' not found
Refreshing native plugins compatible for Editor in 1.07 ms, found 0 plugins.
Preloading 0 native plugins for Editor in 0.00 ms.
Unloading 3618 Unused Serialized files (Serialized files now loaded: 0)
System memory in use before: 156.0 MB.
System memory in use after: 156.3 MB.

Unloading 27 unused Assets to reduce memory usage. Loaded Objects now: 4217.
Total: 3.781100 ms (FindLiveObjects: 0.546400 ms CreateObjectMapping: 0.363200 ms MarkObjects: 2.834000 ms  DeleteObjects: 0.035400 ms)

========================================================================
Received Import Request.
  Time since last request: 1268.471755 seconds.
  path: Assets/Levels/Level44.unity
  artifactKey: Guid(a2b28dde0a67de84198988c45d4e8689) Importer(815301076,1909f56bfc062723c751e8b465ee728b)
Start importing Assets/Levels/Level44.unity using Guid(a2b28dde0a67de84198988c45d4e8689) Importer(815301076,1909f56bfc062723c751e8b465ee728b)  -> (artifact id: '7a24836d54fc2610a6cd6a7ba20c2b74') in 0.030037 seconds
  Import took 0.076210 seconds .

========================================================================
Received Import Request.
  Time since last request: 101.323178 seconds.
  path: Assets/Levels/Level44.unity
  artifactKey: Guid(a2b28dde0a67de84198988c45d4e8689) Importer(815301076,1909f56bfc062723c751e8b465ee728b)
Start importing Assets/Levels/Level44.unity using Guid(a2b28dde0a67de84198988c45d4e8689) Importer(815301076,1909f56bfc062723c751e8b465ee728b)  -> (artifact id: '53d2f6641cf71ccb99650bc8918bcdbe') in 0.011925 seconds
  Import took 0.056503 seconds .

========================================================================
Received Import Request.
  Time since last request: 53.008735 seconds.
  path: Assets/Levels/Level46.unity
  artifactKey: Guid(f183647334d208848931bc78202dfc8d) Importer(815301076,1909f56bfc062723c751e8b465ee728b)
Start importing Assets/Levels/Level46.unity using Guid(f183647334d208848931bc78202dfc8d) Importer(815301076,1909f56bfc062723c751e8b465ee728b)  -> (artifact id: '69470ae8a591ff4e1be192977228e524') in 0.011886 seconds
  Import took 0.046857 seconds .

========================================================================
Received Import Request.
  Time since last request: 1082.062409 seconds.
  path: Assets/Levels/Level52.unity
  artifactKey: Guid(6b7d665d99346ba4f9a4c851a005247c) Importer(815301076,1909f56bfc062723c751e8b465ee728b)
Start importing Assets/Levels/Level52.unity using Guid(6b7d665d99346ba4f9a4c851a005247c) Importer(815301076,1909f56bfc062723c751e8b465ee728b)  -> (artifact id: 'b8fc8e4456b3b33774a5bca5c6f99edf') in 0.012914 seconds
  Import took 0.081878 seconds .

========================================================================
Received Import Request.
  Time since last request: 102.743602 seconds.
  path: Assets/Levels/Level54.unity
  artifactKey: Guid(4cb47fd701e66124892b07807b3c596a) Importer(815301076,1909f56bfc062723c751e8b465ee728b)
Start importing Assets/Levels/Level54.unity using Guid(4cb47fd701e66124892b07807b3c596a) Importer(815301076,1909f56bfc062723c751e8b465ee728b)  -> (artifact id: 'b6392db4a7f62705c29da86ef2746c84') in 0.013643 seconds
  Import took 0.049384 seconds .

========================================================================
Received Import Request.
  Time since last request: 1.022112 seconds.
  path: Assets/Levels/Level52.unity
  artifactKey: Guid(6b7d665d99346ba4f9a4c851a005247c) Importer(815301076,1909f56bfc062723c751e8b465ee728b)
Start importing Assets/Levels/Level52.unity using Guid(6b7d665d99346ba4f9a4c851a005247c) Importer(815301076,1909f56bfc062723c751e8b465ee728b)  -> (artifact id: 'fe17b303b03df0daba39e957084f572c') in 0.010870 seconds
  Import took 0.073092 seconds .

========================================================================
Received Import Request.
  Time since last request: 0.971732 seconds.
  path: Assets/Levels/Level53.unity
  artifactKey: Guid(9ccae9862debc1045a83359ddcb770ed) Importer(815301076,1909f56bfc062723c751e8b465ee728b)
Start importing Assets/Levels/Level53.unity using Guid(9ccae9862debc1045a83359ddcb770ed) Importer(815301076,1909f56bfc062723c751e8b465ee728b)  -> (artifact id: '9720e56d038195cae1bd11ada93ffd32') in 0.012004 seconds
  Import took 0.051570 seconds .

========================================================================
Received Import Request.
  Time since last request: 154.207174 seconds.
  path: Assets/Levels/Level56.unity
  artifactKey: Guid(89953ab231f94d847b9657d0c742347f) Importer(815301076,1909f56bfc062723c751e8b465ee728b)
Start importing Assets/Levels/Level56.unity using Guid(89953ab231f94d847b9657d0c742347f) Importer(815301076,1909f56bfc062723c751e8b465ee728b)  -> (artifact id: '5ff9b843cb8c64f7d190751a8cafc873') in 0.012784 seconds
  Import took 0.056988 seconds .

========================================================================
Received Import Request.
  Time since last request: 185.849583 seconds.
  path: Assets/Levels/Level57.unity
  artifactKey: Guid(fa69f6c8c753c7347b4edb7eae91d459) Importer(815301076,1909f56bfc062723c751e8b465ee728b)
Start importing Assets/Levels/Level57.unity using Guid(fa69f6c8c753c7347b4edb7eae91d459) Importer(815301076,1909f56bfc062723c751e8b465ee728b)  -> (artifact id: 'f844827704c5e234369e40d51c7d60cf') in 0.012303 seconds
  Import took 0.073290 seconds .

========================================================================
Received Import Request.
  Time since last request: 151.186264 seconds.
  path: Assets/Levels/Level58.unity
  artifactKey: Guid(8369a142f28bb2b419e09f41ce156675) Importer(815301076,1909f56bfc062723c751e8b465ee728b)
Start importing Assets/Levels/Level58.unity using Guid(8369a142f28bb2b419e09f41ce156675) Importer(815301076,1909f56bfc062723c751e8b465ee728b)  -> (artifact id: '76b6e154c3ae7b11e0210d12bf0e266c') in 0.011284 seconds
  Import took 0.052998 seconds .

========================================================================
Received Import Request.
  Time since last request: 1773.077338 seconds.
  path: Assets/Tilesets/ForestTiles/ForestTiles.png
  artifactKey: Guid(db1b0df94a9d64d4ca9148b70e6b73c6) Importer(815301076,1909f56bfc062723c751e8b465ee728b)
Start importing Assets/Tilesets/ForestTiles/ForestTiles.png using Guid(db1b0df94a9d64d4ca9148b70e6b73c6) Importer(815301076,1909f56bfc062723c751e8b465ee728b)  -> (artifact id: 'ff2b399d5a8d21a630d1dd7f0592f8d1') in 0.340848 seconds
  Import took 0.367200 seconds .

========================================================================
Received Import Request.
  Time since last request: 7.017877 seconds.
  path: Assets/Tilesets/ForestTiles/ForestTiles.png
  artifactKey: Guid(db1b0df94a9d64d4ca9148b70e6b73c6) Importer(815301076,1909f56bfc062723c751e8b465ee728b)
Start importing Assets/Tilesets/ForestTiles/ForestTiles.png using Guid(db1b0df94a9d64d4ca9148b70e6b73c6) Importer(815301076,1909f56bfc062723c751e8b465ee728b)  -> (artifact id: '72f14745ce8a740ef1bc80ac95b5ca97') in 0.077899 seconds
  Import took 0.107159 seconds .

========================================================================
Received Import Request.
  Time since last request: 7.912180 seconds.
  path: Assets/Tilesets/ForestTiles/ForestTiles.png
  artifactKey: Guid(db1b0df94a9d64d4ca9148b70e6b73c6) Importer(815301076,1909f56bfc062723c751e8b465ee728b)
Start importing Assets/Tilesets/ForestTiles/ForestTiles.png using Guid(db1b0df94a9d64d4ca9148b70e6b73c6) Importer(815301076,1909f56bfc062723c751e8b465ee728b)  -> (artifact id: '2453063478682aa7fa1534a42d2e4f60') in 0.026579 seconds
  Import took 0.051027 seconds .

========================================================================
Received Import Request.
  Time since last request: 25.747830 seconds.
  path: Assets/Tilesets/ForestTiles/ForestTiles.png
  artifactKey: Guid(db1b0df94a9d64d4ca9148b70e6b73c6) Importer(815301076,1909f56bfc062723c751e8b465ee728b)
Start importing Assets/Tilesets/ForestTiles/ForestTiles.png using Guid(db1b0df94a9d64d4ca9148b70e6b73c6) Importer(815301076,1909f56bfc062723c751e8b465ee728b)  -> (artifact id: '2d0392af4badc7208db74dd0091c08d9') in 0.202936 seconds
  Import took 0.235011 seconds .

========================================================================
Received Import Request.
  Time since last request: 48.811800 seconds.
  path: Assets/Tilesets/ForestTiles/144x144/Forest144.prefab
  artifactKey: Guid(3ecd35175aaebbc4a85fb1910c15c87b) Importer(815301076,1909f56bfc062723c751e8b465ee728b)
Start importing Assets/Tilesets/ForestTiles/144x144/Forest144.prefab using Guid(3ecd35175aaebbc4a85fb1910c15c87b) Importer(815301076,1909f56bfc062723c751e8b465ee728b)  -> (artifact id: '70d0f93bb43e6d1fe684497a9485b0f6') in 0.058736 seconds
  Import took 0.095624 seconds .

========================================================================
Received Import Request.
  Time since last request: 3.336851 seconds.
  path: Assets/Tilesets/ForestTiles/144x144/Forest144.prefab
  artifactKey: Guid(3ecd35175aaebbc4a85fb1910c15c87b) Importer(815301076,1909f56bfc062723c751e8b465ee728b)
Start importing Assets/Tilesets/ForestTiles/144x144/Forest144.prefab using Guid(3ecd35175aaebbc4a85fb1910c15c87b) Importer(815301076,1909f56bfc062723c751e8b465ee728b)  -> (artifact id: 'd3fb0a9491724de11b53c51481b6a862') in 0.014495 seconds
  Import took 0.065164 seconds .

========================================================================
Received Import Request.
  Time since last request: 0.053335 seconds.
  path: Assets/Tilesets/ForestTiles/144x144/Forest144.prefab
  artifactKey: Guid(3ecd35175aaebbc4a85fb1910c15c87b) Importer(815301076,1909f56bfc062723c751e8b465ee728b)
Start importing Assets/Tilesets/ForestTiles/144x144/Forest144.prefab using Guid(3ecd35175aaebbc4a85fb1910c15c87b) Importer(815301076,1909f56bfc062723c751e8b465ee728b)  -> (artifact id: 'd3fb0a9491724de11b53c51481b6a862') in 0.013287 seconds
  Import took 0.019993 seconds .

========================================================================
Received Import Request.
  Time since last request: 1.391031 seconds.
  path: Assets/Tilesets/ForestTiles/144x144/Forest144.prefab
  artifactKey: Guid(3ecd35175aaebbc4a85fb1910c15c87b) Importer(815301076,1909f56bfc062723c751e8b465ee728b)
Start importing Assets/Tilesets/ForestTiles/144x144/Forest144.prefab using Guid(3ecd35175aaebbc4a85fb1910c15c87b) Importer(815301076,1909f56bfc062723c751e8b465ee728b)  -> (artifact id: '090569ae1d715a77ef2a146ed7e5df46') in 0.012854 seconds
  Import took 0.057953 seconds .

========================================================================
Received Import Request.
  Time since last request: 12.369813 seconds.
  path: Assets/Tilesets/ForestTiles/144x144/Forest144.prefab
  artifactKey: Guid(3ecd35175aaebbc4a85fb1910c15c87b) Importer(815301076,1909f56bfc062723c751e8b465ee728b)
Start importing Assets/Tilesets/ForestTiles/144x144/Forest144.prefab using Guid(3ecd35175aaebbc4a85fb1910c15c87b) Importer(815301076,1909f56bfc062723c751e8b465ee728b)  -> (artifact id: 'f6d82001871852516709a42116f004c2') in 0.012358 seconds
  Import took 0.045770 seconds .

========================================================================
Received Import Request.
  Time since last request: 22.453908 seconds.
  path: Assets/Tilesets/ForestTiles/144x144/Forest144.prefab
  artifactKey: Guid(3ecd35175aaebbc4a85fb1910c15c87b) Importer(815301076,1909f56bfc062723c751e8b465ee728b)
Start importing Assets/Tilesets/ForestTiles/144x144/Forest144.prefab using Guid(3ecd35175aaebbc4a85fb1910c15c87b) Importer(815301076,1909f56bfc062723c751e8b465ee728b)  -> (artifact id: 'fb8ddd504026c6d2e0f99ba6f73bebb5') in 0.012701 seconds
  Import took 0.040025 seconds .

========================================================================
Received Import Request.
  Time since last request: 0.038591 seconds.
  path: Assets/Tilesets/ForestTiles/144x144/Forest144.prefab
  artifactKey: Guid(3ecd35175aaebbc4a85fb1910c15c87b) Importer(815301076,1909f56bfc062723c751e8b465ee728b)
Start importing Assets/Tilesets/ForestTiles/144x144/Forest144.prefab using Guid(3ecd35175aaebbc4a85fb1910c15c87b) Importer(815301076,1909f56bfc062723c751e8b465ee728b)  -> (artifact id: 'fb8ddd504026c6d2e0f99ba6f73bebb5') in 0.012544 seconds
  Import took 0.020602 seconds .

========================================================================
Received Import Request.
  Time since last request: 1.408809 seconds.
  path: Assets/Tilesets/ForestTiles/144x144/Forest144.prefab
  artifactKey: Guid(3ecd35175aaebbc4a85fb1910c15c87b) Importer(815301076,1909f56bfc062723c751e8b465ee728b)
Start importing Assets/Tilesets/ForestTiles/144x144/Forest144.prefab using Guid(3ecd35175aaebbc4a85fb1910c15c87b) Importer(815301076,1909f56bfc062723c751e8b465ee728b)  -> (artifact id: '1659bedd1d73b279be4f7b77e6abe578') in 0.013204 seconds
  Import took 0.053567 seconds .

========================================================================
Received Import Request.
  Time since last request: 1.837059 seconds.
  path: Assets/Tilesets/ForestTiles/144x144/Forest144.prefab
  artifactKey: Guid(3ecd35175aaebbc4a85fb1910c15c87b) Importer(815301076,1909f56bfc062723c751e8b465ee728b)
Start importing Assets/Tilesets/ForestTiles/144x144/Forest144.prefab using Guid(3ecd35175aaebbc4a85fb1910c15c87b) Importer(815301076,1909f56bfc062723c751e8b465ee728b)  -> (artifact id: 'aff0f8229b6fc6a368407bb01a481a28') in 0.013387 seconds
  Import took 0.064163 seconds .

========================================================================
Received Import Request.
  Time since last request: 7.812760 seconds.
  path: Assets/Tilesets/ForestTiles/144x144/Forest144.prefab
  artifactKey: Guid(3ecd35175aaebbc4a85fb1910c15c87b) Importer(815301076,1909f56bfc062723c751e8b465ee728b)
Start importing Assets/Tilesets/ForestTiles/144x144/Forest144.prefab using Guid(3ecd35175aaebbc4a85fb1910c15c87b) Importer(815301076,1909f56bfc062723c751e8b465ee728b)  -> (artifact id: '8427cb3a754d0e0db16773f1e30ba377') in 0.012525 seconds
  Import took 0.022025 seconds .

========================================================================
Received Import Request.
  Time since last request: 3.701653 seconds.
  path: Assets/Tilesets/ForestTiles/144x144/Forest144.prefab
  artifactKey: Guid(3ecd35175aaebbc4a85fb1910c15c87b) Importer(815301076,1909f56bfc062723c751e8b465ee728b)
Start importing Assets/Tilesets/ForestTiles/144x144/Forest144.prefab using Guid(3ecd35175aaebbc4a85fb1910c15c87b) Importer(815301076,1909f56bfc062723c751e8b465ee728b)  -> (artifact id: '191edc000ac63bb6a8f1c5e5b1e7d7c6') in 0.012165 seconds
  Import took 0.049332 seconds .

========================================================================
Received Prepare
Registering precompiled user dll's ...
Registered in 0.006657 seconds.
Begin MonoManager ReloadAssembly
Native extension for WindowsStandalone target not found
Refreshing native plugins compatible for Editor in 1.05 ms, found 0 plugins.
Preloading 0 native plugins for Editor in 0.00 ms.
Mono: successfully reloaded assembly
- Completed reload, in  1.375 seconds
Platform modules already initialized, skipping
Shader 'Universal Render Pipeline/Particles/Lit': fallback shader 'Universal Render Pipeline/Particles/SimpleLit' not found
Refreshing native plugins compatible for Editor in 1.05 ms, found 0 plugins.
Preloading 0 native plugins for Editor in 0.00 ms.
Unloading 3618 Unused Serialized files (Serialized files now loaded: 0)
System memory in use before: 159.1 MB.
System memory in use after: 159.3 MB.

Unloading 27 unused Assets to reduce memory usage. Loaded Objects now: 4225.
Total: 3.864700 ms (FindLiveObjects: 0.437400 ms CreateObjectMapping: 0.362000 ms MarkObjects: 3.027100 ms  DeleteObjects: 0.035700 ms)

========================================================================
Received Prepare
Registering precompiled user dll's ...
Registered in 0.006784 seconds.
Begin MonoManager ReloadAssembly
Native extension for WindowsStandalone target not found
Refreshing native plugins compatible for Editor in 1.74 ms, found 0 plugins.
Preloading 0 native plugins for Editor in 0.00 ms.
Mono: successfully reloaded assembly
- Completed reload, in  1.829 seconds
Platform modules already initialized, skipping
Shader 'Universal Render Pipeline/Particles/Lit': fallback shader 'Universal Render Pipeline/Particles/SimpleLit' not found
Refreshing native plugins compatible for Editor in 1.06 ms, found 0 plugins.
Preloading 0 native plugins for Editor in 0.00 ms.
Unloading 3618 Unused Serialized files (Serialized files now loaded: 0)
System memory in use before: 159.1 MB.
System memory in use after: 159.3 MB.

Unloading 27 unused Assets to reduce memory usage. Loaded Objects now: 4227.
Total: 3.786500 ms (FindLiveObjects: 0.571300 ms CreateObjectMapping: 0.323800 ms MarkObjects: 2.862100 ms  DeleteObjects: 0.027900 ms)

========================================================================
Received Prepare
Registering precompiled user dll's ...
Registered in 0.007516 seconds.
Begin MonoManager ReloadAssembly
Native extension for WindowsStandalone target not found
Refreshing native plugins compatible for Editor in 1.10 ms, found 0 plugins.
Preloading 0 native plugins for Editor in 0.00 ms.
Mono: successfully reloaded assembly
- Completed reload, in  1.315 seconds
Platform modules already initialized, skipping
Shader 'Universal Render Pipeline/Particles/Lit': fallback shader 'Universal Render Pipeline/Particles/SimpleLit' not found
Refreshing native plugins compatible for Editor in 1.03 ms, found 0 plugins.
Preloading 0 native plugins for Editor in 0.00 ms.
Unloading 3618 Unused Serialized files (Serialized files now loaded: 0)
System memory in use before: 159.1 MB.
System memory in use after: 159.4 MB.

Unloading 27 unused Assets to reduce memory usage. Loaded Objects now: 4229.
Total: 3.875800 ms (FindLiveObjects: 0.501200 ms CreateObjectMapping: 0.353700 ms MarkObjects: 2.980800 ms  DeleteObjects: 0.038500 ms)

========================================================================
Received Prepare
Registering precompiled user dll's ...
Registered in 0.006415 seconds.
Begin MonoManager ReloadAssembly
Native extension for WindowsStandalone target not found
Refreshing native plugins compatible for Editor in 1.60 ms, found 0 plugins.
Preloading 0 native plugins for Editor in 0.00 ms.
Mono: successfully reloaded assembly
- Completed reload, in  1.316 seconds
Platform modules already initialized, skipping
Shader 'Universal Render Pipeline/Particles/Lit': fallback shader 'Universal Render Pipeline/Particles/SimpleLit' not found
Refreshing native plugins compatible for Editor in 1.04 ms, found 0 plugins.
Preloading 0 native plugins for Editor in 0.00 ms.
Unloading 3618 Unused Serialized files (Serialized files now loaded: 0)
System memory in use before: 159.1 MB.
System memory in use after: 159.4 MB.

Unloading 27 unused Assets to reduce memory usage. Loaded Objects now: 4231.
Total: 4.141900 ms (FindLiveObjects: 0.789600 ms CreateObjectMapping: 0.382100 ms MarkObjects: 2.928500 ms  DeleteObjects: 0.040300 ms)

========================================================================
Received Prepare
Registering precompiled user dll's ...
Registered in 0.006462 seconds.
Begin MonoManager ReloadAssembly
Native extension for WindowsStandalone target not found
Refreshing native plugins compatible for Editor in 1.18 ms, found 0 plugins.
Preloading 0 native plugins for Editor in 0.00 ms.
Mono: successfully reloaded assembly
- Completed reload, in  1.237 seconds
Platform modules already initialized, skipping
Shader 'Universal Render Pipeline/Particles/Lit': fallback shader 'Universal Render Pipeline/Particles/SimpleLit' not found
Refreshing native plugins compatible for Editor in 1.02 ms, found 0 plugins.
Preloading 0 native plugins for Editor in 0.00 ms.
Unloading 3618 Unused Serialized files (Serialized files now loaded: 0)
System memory in use before: 159.1 MB.
System memory in use after: 159.4 MB.

Unloading 27 unused Assets to reduce memory usage. Loaded Objects now: 4233.
Total: 3.416800 ms (FindLiveObjects: 0.384400 ms CreateObjectMapping: 0.302000 ms MarkObjects: 2.694500 ms  DeleteObjects: 0.034700 ms)

========================================================================
Received Prepare
Registering precompiled user dll's ...
Registered in 0.006318 seconds.
Begin MonoManager ReloadAssembly
Native extension for WindowsStandalone target not found
Refreshing native plugins compatible for Editor in 1.03 ms, found 0 plugins.
Preloading 0 native plugins for Editor in 0.00 ms.
Mono: successfully reloaded assembly
- Completed reload, in  1.288 seconds
Platform modules already initialized, skipping
Shader 'Universal Render Pipeline/Particles/Lit': fallback shader 'Universal Render Pipeline/Particles/SimpleLit' not found
Refreshing native plugins compatible for Editor in 1.21 ms, found 0 plugins.
Preloading 0 native plugins for Editor in 0.00 ms.
Unloading 3618 Unused Serialized files (Serialized files now loaded: 0)
System memory in use before: 159.2 MB.
System memory in use after: 159.4 MB.

Unloading 27 unused Assets to reduce memory usage. Loaded Objects now: 4235.
Total: 3.357200 ms (FindLiveObjects: 0.420600 ms CreateObjectMapping: 0.316600 ms MarkObjects: 2.592400 ms  DeleteObjects: 0.025900 ms)

========================================================================
Received Import Request.
  Time since last request: 1874.140666 seconds.
  path: Assets/Prefabs/GameControl.prefab
  artifactKey: Guid(88b6f36f7fae47242a6080d76029a92f) Importer(815301076,1909f56bfc062723c751e8b465ee728b)
Start importing Assets/Prefabs/GameControl.prefab using Guid(88b6f36f7fae47242a6080d76029a92f) Importer(815301076,1909f56bfc062723c751e8b465ee728b)  -> (artifact id: '6563eb28526ae0218059883c83ee29a3') in 0.314088 seconds
  Import took 0.364675 seconds .

========================================================================
Received Import Request.
  Time since last request: 1.425610 seconds.
  path: Assets/Prefabs/Player2021.prefab
  artifactKey: Guid(4d00110acb255c445825278b94ab1368) Importer(815301076,1909f56bfc062723c751e8b465ee728b)
Start importing Assets/Prefabs/Player2021.prefab using Guid(4d00110acb255c445825278b94ab1368) Importer(815301076,1909f56bfc062723c751e8b465ee728b)  -> (artifact id: '5702423a5ffe7384ecc541156c391dfb') in 2.347644 seconds
  Import took 2.355725 seconds .

========================================================================
Received Import Request.
  Time since last request: 0.000329 seconds.
  path: Assets/Prefabs/Enemy1Leftward.prefab
  artifactKey: Guid(fa056cc27d42aa0448edb4e7b3950789) Importer(815301076,1909f56bfc062723c751e8b465ee728b)
Start importing Assets/Prefabs/Enemy1Leftward.prefab using Guid(fa056cc27d42aa0448edb4e7b3950789) Importer(815301076,1909f56bfc062723c751e8b465ee728b)  -> (artifact id: '711234d53ec1eab41de2b5b0f72e3a99') in 0.591475 seconds
  Import took 0.623448 seconds .

========================================================================
Received Import Request.
  Time since last request: 0.000340 seconds.
  path: Assets/Prefabs/SawBlade.prefab
  artifactKey: Guid(e9267b5667793b54994b5e01a571dc5d) Importer(815301076,1909f56bfc062723c751e8b465ee728b)
Start importing Assets/Prefabs/SawBlade.prefab using Guid(e9267b5667793b54994b5e01a571dc5d) Importer(815301076,1909f56bfc062723c751e8b465ee728b)  -> (artifact id: 'b355599c8d08462fbb9e2999e80e8792') in 0.057939 seconds
  Import took 0.093450 seconds .

========================================================================
Received Import Request.
  Time since last request: 0.000263 seconds.
  path: Assets/Prefabs/Enemy2up.prefab
  artifactKey: Guid(ee688ef4ae77bd244900434d6652db23) Importer(815301076,1909f56bfc062723c751e8b465ee728b)
Start importing Assets/Prefabs/Enemy2up.prefab using Guid(ee688ef4ae77bd244900434d6652db23) Importer(815301076,1909f56bfc062723c751e8b465ee728b)  -> (artifact id: '36406e49700e98c29cf5998a7ba20e0c') in 0.102959 seconds
  Import took 0.137176 seconds .

========================================================================
Received Import Request.
  Time since last request: 5.030193 seconds.
  path: Assets/Levels/Level51.unity
  artifactKey: Guid(12e9733d46b66ce43aee5f393da3db6f) Importer(815301076,1909f56bfc062723c751e8b465ee728b)
Start importing Assets/Levels/Level51.unity using Guid(12e9733d46b66ce43aee5f393da3db6f) Importer(815301076,1909f56bfc062723c751e8b465ee728b)  -> (artifact id: '1a8929716efd79583a2e1df7c693f190') in 0.011471 seconds
  Import took 0.037086 seconds .

========================================================================
Received Import Request.
  Time since last request: 2.956514 seconds.
  path: Assets/Levels/Level61.unity
  artifactKey: Guid(d4a301b849810cd44ba3cf097a8b55cb) Importer(815301076,1909f56bfc062723c751e8b465ee728b)
Start importing Assets/Levels/Level61.unity using Guid(d4a301b849810cd44ba3cf097a8b55cb) Importer(815301076,1909f56bfc062723c751e8b465ee728b)  -> (artifact id: '7f982d0c3d2b0a2be1901752bfe75c1c') in 0.012865 seconds
  Import took 0.059018 seconds .

========================================================================
Received Import Request.
  Time since last request: 1.340217 seconds.
  path: Assets/Levels/Level60.unity
  artifactKey: Guid(42249734054ef2e4b865841120e1857c) Importer(815301076,1909f56bfc062723c751e8b465ee728b)
Start importing Assets/Levels/Level60.unity using Guid(42249734054ef2e4b865841120e1857c) Importer(815301076,1909f56bfc062723c751e8b465ee728b)  -> (artifact id: '38717e58d25e111b7459414aade86c29') in 0.034121 seconds
  Import took 0.059033 seconds .

========================================================================
Received Import Request.
  Time since last request: 2.745826 seconds.
  path: Assets/Levels/Level62.unity
  artifactKey: Guid(fcbf982d760054643b8f0b2c622be050) Importer(815301076,1909f56bfc062723c751e8b465ee728b)
Start importing Assets/Levels/Level62.unity using Guid(fcbf982d760054643b8f0b2c622be050) Importer(815301076,1909f56bfc062723c751e8b465ee728b)  -> (artifact id: 'f241f489071c5321af0acf383d0d0618') in 0.012653 seconds
  Import took 0.019496 seconds .

========================================================================
Received Import Request.
  Time since last request: 304.799782 seconds.
  path: Assets/Levels/Level63.unity
  artifactKey: Guid(97ba83f1ea9a55448b39d4bbc944421f) Importer(815301076,1909f56bfc062723c751e8b465ee728b)
Start importing Assets/Levels/Level63.unity using Guid(97ba83f1ea9a55448b39d4bbc944421f) Importer(815301076,1909f56bfc062723c751e8b465ee728b)  -> (artifact id: '4a071621b593e56faaa45fa319b40fdc') in 0.012427 seconds
  Import took 0.035481 seconds .

========================================================================
Received Import Request.
  Time since last request: 134.207801 seconds.
  path: Assets/Levels/Level64.unity
  artifactKey: Guid(e02129e435d211e4bbae259a93f535db) Importer(815301076,1909f56bfc062723c751e8b465ee728b)
Start importing Assets/Levels/Level64.unity using Guid(e02129e435d211e4bbae259a93f535db) Importer(815301076,1909f56bfc062723c751e8b465ee728b)  -> (artifact id: 'e7a924d68697861d54984e158421345b') in 0.012596 seconds
  Import took 0.019598 seconds .

========================================================================
Received Import Request.
  Time since last request: 1463.742842 seconds.
  path: Assets/Levels/Level65.unity
  artifactKey: Guid(40ef09733105d0a4fbeeeaa1f3b9d5ee) Importer(815301076,1909f56bfc062723c751e8b465ee728b)
Start importing Assets/Levels/Level65.unity using Guid(40ef09733105d0a4fbeeeaa1f3b9d5ee) Importer(815301076,1909f56bfc062723c751e8b465ee728b)  -> (artifact id: '220383495c50bb9a875a0a14545cea90') in 0.012749 seconds
  Import took 0.057097 seconds .

========================================================================
Received Import Request.
  Time since last request: 3270.687060 seconds.
  path: Assets/Sprites/SnakeStatue.png
  artifactKey: Guid(13698ce5cbaf2174d9c632edaeeb0e51) Importer(815301076,1909f56bfc062723c751e8b465ee728b)
Start importing Assets/Sprites/SnakeStatue.png using Guid(13698ce5cbaf2174d9c632edaeeb0e51) Importer(815301076,1909f56bfc062723c751e8b465ee728b)  -> (artifact id: '27cc56439faf7972126364a4d50cd63c') in 0.125779 seconds
  Import took 0.172059 seconds .

========================================================================
Received Import Request.
  Time since last request: 6.472452 seconds.
  path: Assets/Sprites/SnakeStatue.png
  artifactKey: Guid(13698ce5cbaf2174d9c632edaeeb0e51) Importer(815301076,1909f56bfc062723c751e8b465ee728b)
Start importing Assets/Sprites/SnakeStatue.png using Guid(13698ce5cbaf2174d9c632edaeeb0e51) Importer(815301076,1909f56bfc062723c751e8b465ee728b)  -> (artifact id: 'd2c728a723dd6c406d075ead60389372') in 0.049788 seconds
  Import took 0.076417 seconds .

========================================================================
Received Prepare
Registering precompiled user dll's ...
Registered in 0.006656 seconds.
Begin MonoManager ReloadAssembly
Native extension for WindowsStandalone target not found
Refreshing native plugins compatible for Editor in 1.09 ms, found 0 plugins.
Preloading 0 native plugins for Editor in 0.00 ms.
Mono: successfully reloaded assembly
- Completed reload, in  1.576 seconds
Platform modules already initialized, skipping
Shader 'Universal Render Pipeline/Particles/Lit': fallback shader 'Universal Render Pipeline/Particles/SimpleLit' not found
Refreshing native plugins compatible for Editor in 1.02 ms, found 0 plugins.
Preloading 0 native plugins for Editor in 0.00 ms.
Unloading 3618 Unused Serialized files (Serialized files now loaded: 0)
System memory in use before: 161.5 MB.
System memory in use after: 161.7 MB.

Unloading 27 unused Assets to reduce memory usage. Loaded Objects now: 4281.
Total: 4.255000 ms (FindLiveObjects: 0.761300 ms CreateObjectMapping: 0.361800 ms MarkObjects: 3.082400 ms  DeleteObjects: 0.047900 ms)

========================================================================
Received Import Request.
  Time since last request: 761.249785 seconds.
  path: Assets/Levels/Level61.unity
  artifactKey: Guid(d4a301b849810cd44ba3cf097a8b55cb) Importer(815301076,1909f56bfc062723c751e8b465ee728b)
Start importing Assets/Levels/Level61.unity using Guid(d4a301b849810cd44ba3cf097a8b55cb) Importer(815301076,1909f56bfc062723c751e8b465ee728b)  -> (artifact id: '3389f8c2160afc325ef58a92ec9c4f60') in 0.028690 seconds
  Import took 0.036714 seconds .

========================================================================
Received Prepare
Registering precompiled user dll's ...
Registered in 0.006547 seconds.
Begin MonoManager ReloadAssembly
Native extension for WindowsStandalone target not found
Refreshing native plugins compatible for Editor in 1.04 ms, found 0 plugins.
Preloading 0 native plugins for Editor in 0.00 ms.
Mono: successfully reloaded assembly
- Completed reload, in  1.330 seconds
Platform modules already initialized, skipping
Shader 'Universal Render Pipeline/Particles/Lit': fallback shader 'Universal Render Pipeline/Particles/SimpleLit' not found
Refreshing native plugins compatible for Editor in 1.02 ms, found 0 plugins.
Preloading 0 native plugins for Editor in 0.00 ms.
Unloading 3618 Unused Serialized files (Serialized files now loaded: 0)
System memory in use before: 161.5 MB.
System memory in use after: 161.7 MB.

Unloading 27 unused Assets to reduce memory usage. Loaded Objects now: 4283.
Total: 4.976900 ms (FindLiveObjects: 1.095900 ms CreateObjectMapping: 0.432100 ms MarkObjects: 3.402300 ms  DeleteObjects: 0.043400 ms)

========================================================================
Received Prepare
Registering precompiled user dll's ...
Registered in 0.006438 seconds.
Begin MonoManager ReloadAssembly
Native extension for WindowsStandalone target not found
Refreshing native plugins compatible for Editor in 1.03 ms, found 0 plugins.
Preloading 0 native plugins for Editor in 0.00 ms.
Mono: successfully reloaded assembly
- Completed reload, in  1.376 seconds
Platform modules already initialized, skipping
Shader 'Universal Render Pipeline/Particles/Lit': fallback shader 'Universal Render Pipeline/Particles/SimpleLit' not found
Refreshing native plugins compatible for Editor in 1.22 ms, found 0 plugins.
Preloading 0 native plugins for Editor in 0.00 ms.
Unloading 3618 Unused Serialized files (Serialized files now loaded: 0)
System memory in use before: 161.5 MB.
System memory in use after: 161.7 MB.

Unloading 27 unused Assets to reduce memory usage. Loaded Objects now: 4285.
Total: 4.321900 ms (FindLiveObjects: 0.769400 ms CreateObjectMapping: 0.415700 ms MarkObjects: 3.110800 ms  DeleteObjects: 0.024800 ms)

========================================================================
Received Import Request.
  Time since last request: 357.312315 seconds.
  path: Assets/Levels/Level65.unity
  artifactKey: Guid(40ef09733105d0a4fbeeeaa1f3b9d5ee) Importer(815301076,1909f56bfc062723c751e8b465ee728b)
Start importing Assets/Levels/Level65.unity using Guid(40ef09733105d0a4fbeeeaa1f3b9d5ee) Importer(815301076,1909f56bfc062723c751e8b465ee728b)  -> (artifact id: 'ea4abbc1581e17957b8fed6776cb1add') in 0.027433 seconds
  Import took 0.068078 seconds .

========================================================================
Received Import Request.
  Time since last request: 2.745975 seconds.
  path: Assets/Levels/Level68.unity
  artifactKey: Guid(0b34d0c486c8fc64faf4c9f12a412ee1) Importer(815301076,1909f56bfc062723c751e8b465ee728b)
Start importing Assets/Levels/Level68.unity using Guid(0b34d0c486c8fc64faf4c9f12a412ee1) Importer(815301076,1909f56bfc062723c751e8b465ee728b)  -> (artifact id: '4822b831beb619c12f603aaad616adca') in 0.027332 seconds
  Import took 0.069079 seconds .

========================================================================
Received Prepare
Registering precompiled user dll's ...
Registered in 0.006390 seconds.
Begin MonoManager ReloadAssembly
Native extension for WindowsStandalone target not found
Refreshing native plugins compatible for Editor in 1.00 ms, found 0 plugins.
Preloading 0 native plugins for Editor in 0.00 ms.
Mono: successfully reloaded assembly
- Completed reload, in  1.313 seconds
Platform modules already initialized, skipping
Shader 'Universal Render Pipeline/Particles/Lit': fallback shader 'Universal Render Pipeline/Particles/SimpleLit' not found
Refreshing native plugins compatible for Editor in 1.02 ms, found 0 plugins.
Preloading 0 native plugins for Editor in 0.00 ms.
Unloading 3618 Unused Serialized files (Serialized files now loaded: 0)
System memory in use before: 161.5 MB.
System memory in use after: 161.8 MB.

Unloading 27 unused Assets to reduce memory usage. Loaded Objects now: 4287.
Total: 4.209200 ms (FindLiveObjects: 0.815800 ms CreateObjectMapping: 0.369500 ms MarkObjects: 2.996000 ms  DeleteObjects: 0.025700 ms)

AssetImportWorkerClient::OnTransportError - code=2 error=End of file
