Using pre-set license
Built from '2020.3/staging' branch; Version is '2020.3.5f1 (8095aa901b9b) revision 8426922'; Using compiler version '192528614'; Build Type 'Release'
OS: 'Windows 10 Pro; OS build 19042.1526; Version 2009; 64bit' Language: 'en' Physical Memory: 32576 MB
BatchMode: 1, IsHumanControllingUs: 0, StartBugReporterOnCrash: 0, Is64bit: 1, IsPro: 0

 COMMAND LINE ARGUMENTS:
F:\AC - Projects\Oonity\2020.3.5f1\Editor\Unity.exe
-adb2
-batchMode
-noUpm
-name
AssetImportWorker1
-projectPath
F:/AC - Projects/WR2/WillysRevenge2
-logFile
Logs/AssetImportWorker1.log
-srvPort
65462
Successfully changed project path to: F:/AC - Projects/WR2/WillysRevenge2
F:/AC - Projects/WR2/WillysRevenge2
Using Asset Import Pipeline V2.
Refreshing native plugins compatible for Editor in 81.32 ms, found 0 plugins.
Preloading 0 native plugins for Editor in 0.00 ms.
Initialize engine version: 2020.3.5f1 (8095aa901b9b)
[Subsystems] Discovering subsystems at path F:/AC - Projects/Oonity/2020.3.5f1/Editor/Data/Resources/UnitySubsystems
[Subsystems] Discovering subsystems at path F:/AC - Projects/WR2/WillysRevenge2/Assets
GfxDevice: creating device client; threaded=0
Direct3D:
    Version:  Direct3D 11.0 [level 11.1]
    Renderer: NVIDIA TITAN X (Pascal) (ID=0x1b00)
    Vendor:   
    VRAM:     12147 MB
    Driver:   30.0.14.9676
Shader 'Universal Render Pipeline/Particles/Lit': fallback shader 'Universal Render Pipeline/Particles/SimpleLit' not found
Initialize mono
Mono path[0] = 'F:/AC - Projects/Oonity/2020.3.5f1/Editor/Data/Managed'
Mono path[1] = 'F:/AC - Projects/Oonity/2020.3.5f1/Editor/Data/MonoBleedingEdge/lib/mono/unityjit'
Mono config path = 'F:/AC - Projects/Oonity/2020.3.5f1/Editor/Data/MonoBleedingEdge/etc'
Using monoOptions --debugger-agent=transport=dt_socket,embedding=1,server=y,suspend=n,address=127.0.0.1:56972
Begin MonoManager ReloadAssembly
Registering precompiled unity dll's ...
Register platform support module: F:/AC - Projects/Oonity/2020.3.5f1/Editor/Data/PlaybackEngines/WindowsStandaloneSupport/UnityEditor.WindowsStandalone.Extensions.dll
Registered in 0.001411 seconds.
Native extension for WindowsStandalone target not found
Refreshing native plugins compatible for Editor in 76.93 ms, found 0 plugins.
Preloading 0 native plugins for Editor in 0.00 ms.
Mono: successfully reloaded assembly
- Completed reload, in  2.480 seconds
Platform modules already initialized, skipping
Registering precompiled user dll's ...
Registered in 0.004185 seconds.
Begin MonoManager ReloadAssembly
Native extension for WindowsStandalone target not found
Refreshing native plugins compatible for Editor in 78.62 ms, found 0 plugins.
Preloading 0 native plugins for Editor in 0.00 ms.
Mono: successfully reloaded assembly
- Completed reload, in  1.006 seconds
Platform modules already initialized, skipping
========================================================================
Worker process is ready to serve import requests
Shader 'Universal Render Pipeline/Particles/Lit': fallback shader 'Universal Render Pipeline/Particles/SimpleLit' not found
Launched and connected shader compiler UnityShaderCompiler.exe after 0.08 seconds
Refreshing native plugins compatible for Editor in 0.79 ms, found 0 plugins.
Preloading 0 native plugins for Editor in 0.00 ms.
Unloading 3813 Unused Serialized files (Serialized files now loaded: 0)
System memory in use before: 241.1 MB.
System memory in use after: 241.3 MB.

Unloading 37 unused Assets to reduce memory usage. Loaded Objects now: 4248.
Total: 2.362200 ms (FindLiveObjects: 0.373500 ms CreateObjectMapping: 0.106300 ms MarkObjects: 1.858000 ms  DeleteObjects: 0.023400 ms)

========================================================================
Received Import Request.
  path: Assets/Levels/Level11.unity
  artifactKey: Guid(fedfcf51a72e7a04a8bc85850fe9bb6c) Importer(815301076,1909f56bfc062723c751e8b465ee728b)
Start importing Assets/Levels/Level11.unity using Guid(fedfcf51a72e7a04a8bc85850fe9bb6c) Importer(815301076,1909f56bfc062723c751e8b465ee728b)  -> (artifact id: '98ed9d12c79566c177600f7376ffd216') in 0.024204 seconds
  Import took 0.049848 seconds .

========================================================================
Received Import Request.
  Time since last request: 9.157820 seconds.
  path: Assets/Prefabs/Enemy1.prefab
  artifactKey: Guid(95b4b559149de7b418850f2819dd426e) Importer(815301076,1909f56bfc062723c751e8b465ee728b)
Start importing Assets/Prefabs/Enemy1.prefab using Guid(95b4b559149de7b418850f2819dd426e) Importer(815301076,1909f56bfc062723c751e8b465ee728b)  -> (artifact id: 'b40586e5375d922da136c0b8819c32c5') in 0.239937 seconds
  Import took 0.264588 seconds .

========================================================================
Received Import Request.
  Time since last request: 1.002664 seconds.
  path: Assets/Prefabs/LevelCanvases/ForestCanvas.prefab
  artifactKey: Guid(2aae97eaaad97f74984c3310f022f602) Importer(815301076,1909f56bfc062723c751e8b465ee728b)
Start importing Assets/Prefabs/LevelCanvases/ForestCanvas.prefab using Guid(2aae97eaaad97f74984c3310f022f602) Importer(815301076,1909f56bfc062723c751e8b465ee728b)  -> (artifact id: '5be3161e01bd93988759fb7df53aca0f') in 0.021283 seconds
  Import took 0.037037 seconds .

========================================================================
Received Import Request.
  Time since last request: 2.854456 seconds.
  path: Assets/Prefabs/LevelCanvases/IceCanvas.prefab
  artifactKey: Guid(8e15f2fefff6bf54cad3aa090ea0adb9) Importer(815301076,1909f56bfc062723c751e8b465ee728b)
Start importing Assets/Prefabs/LevelCanvases/IceCanvas.prefab using Guid(8e15f2fefff6bf54cad3aa090ea0adb9) Importer(815301076,1909f56bfc062723c751e8b465ee728b)  -> (artifact id: 'a7584f1d690c994bc288f1995ab224d7') in 0.008605 seconds
  Import took 0.013285 seconds .

========================================================================
Received Import Request.
  Time since last request: 5.408046 seconds.
  path: Assets/Levels/Level12.unity
  artifactKey: Guid(c8404556c6bd2a84fbdd958a20ecacb5) Importer(815301076,1909f56bfc062723c751e8b465ee728b)
Start importing Assets/Levels/Level12.unity using Guid(c8404556c6bd2a84fbdd958a20ecacb5) Importer(815301076,1909f56bfc062723c751e8b465ee728b)  -> (artifact id: '52f4beed995f5be37717183088b6ecb8') in 0.004028 seconds
  Import took 0.021632 seconds .

========================================================================
Received Import Request.
  Time since last request: 157.412360 seconds.
  path: Assets/Levels/Level17.unity
  artifactKey: Guid(3ba2dae6655f12a4cbfcca7dac96b665) Importer(815301076,1909f56bfc062723c751e8b465ee728b)
Start importing Assets/Levels/Level17.unity using Guid(3ba2dae6655f12a4cbfcca7dac96b665) Importer(815301076,1909f56bfc062723c751e8b465ee728b)  -> (artifact id: '47c7a01859cc5a90633e491aac8e5043') in 0.004039 seconds
  Import took 0.038584 seconds .

========================================================================
Received Prepare
Registering precompiled user dll's ...
Registered in 0.004555 seconds.
Begin MonoManager ReloadAssembly
Native extension for WindowsStandalone target not found
Refreshing native plugins compatible for Editor in 0.80 ms, found 0 plugins.
Preloading 0 native plugins for Editor in 0.00 ms.
Mono: successfully reloaded assembly
- Completed reload, in  0.876 seconds
Platform modules already initialized, skipping
Shader 'Universal Render Pipeline/Particles/Lit': fallback shader 'Universal Render Pipeline/Particles/SimpleLit' not found
Refreshing native plugins compatible for Editor in 0.82 ms, found 0 plugins.
Preloading 0 native plugins for Editor in 0.00 ms.
Unloading 3652 Unused Serialized files (Serialized files now loaded: 0)
System memory in use before: 234.6 MB.
System memory in use after: 234.9 MB.

Unloading 28 unused Assets to reduce memory usage. Loaded Objects now: 4297.
Total: 2.345000 ms (FindLiveObjects: 0.386500 ms CreateObjectMapping: 0.104200 ms MarkObjects: 1.824800 ms  DeleteObjects: 0.028300 ms)

========================================================================
Received Import Request.
  Time since last request: 50.335370 seconds.
  path: Assets/Levels/Level18.unity
  artifactKey: Guid(a5a6df2d5b540b34088d4ea2c244aba7) Importer(815301076,1909f56bfc062723c751e8b465ee728b)
Start importing Assets/Levels/Level18.unity using Guid(a5a6df2d5b540b34088d4ea2c244aba7) Importer(815301076,1909f56bfc062723c751e8b465ee728b)  -> (artifact id: '557b4a7d4c8ba369053c0916f7b1b6e6') in 0.015071 seconds
  Import took 0.032811 seconds .

========================================================================
Received Import Request.
  Time since last request: 0.404778 seconds.
  path: Assets/Levels/Level20.unity
  artifactKey: Guid(d9316974a1e29b84487e8e58ff9ba149) Importer(815301076,1909f56bfc062723c751e8b465ee728b)
Start importing Assets/Levels/Level20.unity using Guid(d9316974a1e29b84487e8e58ff9ba149) Importer(815301076,1909f56bfc062723c751e8b465ee728b)  -> (artifact id: '5080b7d6bcc42db6a99db81bce674e37') in 0.004155 seconds
  Import took 0.008499 seconds .

========================================================================
Received Prepare
Registering precompiled user dll's ...
Registered in 0.004142 seconds.
Begin MonoManager ReloadAssembly
Native extension for WindowsStandalone target not found
Refreshing native plugins compatible for Editor in 0.79 ms, found 0 plugins.
Preloading 0 native plugins for Editor in 0.00 ms.
Mono: successfully reloaded assembly
- Completed reload, in  0.881 seconds
Platform modules already initialized, skipping
Shader 'Universal Render Pipeline/Particles/Lit': fallback shader 'Universal Render Pipeline/Particles/SimpleLit' not found
Refreshing native plugins compatible for Editor in 0.80 ms, found 0 plugins.
Preloading 0 native plugins for Editor in 0.00 ms.
Unloading 3652 Unused Serialized files (Serialized files now loaded: 0)
System memory in use before: 234.7 MB.
System memory in use after: 234.9 MB.

Unloading 27 unused Assets to reduce memory usage. Loaded Objects now: 4299.
Total: 2.234700 ms (FindLiveObjects: 0.357800 ms CreateObjectMapping: 0.097200 ms MarkObjects: 1.758400 ms  DeleteObjects: 0.020600 ms)

========================================================================
Received Import Request.
  Time since last request: 32.889884 seconds.
  path: Assets/Levels/Level21.unity
  artifactKey: Guid(ddf3e1b40d635fc42b657ac080e383d5) Importer(815301076,1909f56bfc062723c751e8b465ee728b)
Start importing Assets/Levels/Level21.unity using Guid(ddf3e1b40d635fc42b657ac080e383d5) Importer(815301076,1909f56bfc062723c751e8b465ee728b)  -> (artifact id: 'b03ce69a4d4f3adfcdcb991297c596df') in 0.015306 seconds
  Import took 0.047536 seconds .

========================================================================
Received Import Request.
  Time since last request: 20.857771 seconds.
  path: Assets/Prefabs/LevelCanvases/DesertCanvas.prefab
  artifactKey: Guid(bd478fcbc89bd2a4d8944804fa0d6332) Importer(815301076,1909f56bfc062723c751e8b465ee728b)
Start importing Assets/Prefabs/LevelCanvases/DesertCanvas.prefab using Guid(bd478fcbc89bd2a4d8944804fa0d6332) Importer(815301076,1909f56bfc062723c751e8b465ee728b)  -> (artifact id: '135af9ffcb92aee7792fb7e796181931') in 0.033702 seconds
  Import took 0.038559 seconds .

========================================================================
Received Import Request.
  Time since last request: 0.001291 seconds.
  path: Assets/Prefabs/LevelCanvases/DesertCanvas.prefab
  artifactKey: Guid(bd478fcbc89bd2a4d8944804fa0d6332) Importer(815301076,1909f56bfc062723c751e8b465ee728b)
Start importing Assets/Prefabs/LevelCanvases/DesertCanvas.prefab using Guid(bd478fcbc89bd2a4d8944804fa0d6332) Importer(815301076,1909f56bfc062723c751e8b465ee728b)  -> (artifact id: '135af9ffcb92aee7792fb7e796181931') in 0.006920 seconds
  Import took 0.036058 seconds .

========================================================================
Received Import Request.
  Time since last request: 5.926835 seconds.
  path: Assets/Levels/Level22.unity
  artifactKey: Guid(24e2a17903ea8fc448c5f1f3761fc1da) Importer(815301076,1909f56bfc062723c751e8b465ee728b)
Start importing Assets/Levels/Level22.unity using Guid(24e2a17903ea8fc448c5f1f3761fc1da) Importer(815301076,1909f56bfc062723c751e8b465ee728b)  -> (artifact id: '421aba7c5cb6035a9573e093eba3916f') in 0.004810 seconds
  Import took 0.020497 seconds .

========================================================================
Received Import Request.
  Time since last request: 136.776635 seconds.
  path: Assets/Levels/Level28.unity
  artifactKey: Guid(f1c3306aced70b24882ff5038ec536b3) Importer(815301076,1909f56bfc062723c751e8b465ee728b)
Start importing Assets/Levels/Level28.unity using Guid(f1c3306aced70b24882ff5038ec536b3) Importer(815301076,1909f56bfc062723c751e8b465ee728b)  -> (artifact id: '115a964ef580f83624246676e34ca398') in 0.004352 seconds
  Import took 0.009433 seconds .

========================================================================
Received Prepare
Registering precompiled user dll's ...
Registered in 0.004146 seconds.
Begin MonoManager ReloadAssembly
Native extension for WindowsStandalone target not found
Refreshing native plugins compatible for Editor in 0.82 ms, found 0 plugins.
Preloading 0 native plugins for Editor in 0.00 ms.
Mono: successfully reloaded assembly
- Completed reload, in  0.869 seconds
Platform modules already initialized, skipping
Shader 'Universal Render Pipeline/Particles/Lit': fallback shader 'Universal Render Pipeline/Particles/SimpleLit' not found
Refreshing native plugins compatible for Editor in 0.86 ms, found 0 plugins.
Preloading 0 native plugins for Editor in 0.00 ms.
Unloading 3652 Unused Serialized files (Serialized files now loaded: 0)
System memory in use before: 234.7 MB.
System memory in use after: 235.0 MB.

Unloading 28 unused Assets to reduce memory usage. Loaded Objects now: 4301.
Total: 2.863500 ms (FindLiveObjects: 0.420300 ms CreateObjectMapping: 0.101000 ms MarkObjects: 2.312900 ms  DeleteObjects: 0.027900 ms)

========================================================================
Received Import Request.
  Time since last request: 276.498065 seconds.
  path: Assets/Levels/Level30.unity
  artifactKey: Guid(4155acdca72bcf44d8e944e5af03aaf1) Importer(815301076,1909f56bfc062723c751e8b465ee728b)
Start importing Assets/Levels/Level30.unity using Guid(4155acdca72bcf44d8e944e5af03aaf1) Importer(815301076,1909f56bfc062723c751e8b465ee728b)  -> (artifact id: 'f610f95c43384359bc71b510d90ac7b8') in 0.014523 seconds
  Import took 0.040846 seconds .

========================================================================
Received Prepare
Registering precompiled user dll's ...
Registered in 0.004449 seconds.
Begin MonoManager ReloadAssembly
Native extension for WindowsStandalone target not found
Refreshing native plugins compatible for Editor in 0.81 ms, found 0 plugins.
Preloading 0 native plugins for Editor in 0.00 ms.
Mono: successfully reloaded assembly
- Completed reload, in  0.858 seconds
Platform modules already initialized, skipping
Shader 'Universal Render Pipeline/Particles/Lit': fallback shader 'Universal Render Pipeline/Particles/SimpleLit' not found
Refreshing native plugins compatible for Editor in 0.82 ms, found 0 plugins.
Preloading 0 native plugins for Editor in 0.00 ms.
Unloading 3652 Unused Serialized files (Serialized files now loaded: 0)
System memory in use before: 234.8 MB.
System memory in use after: 235.0 MB.

Unloading 27 unused Assets to reduce memory usage. Loaded Objects now: 4303.
Total: 2.289400 ms (FindLiveObjects: 0.336300 ms CreateObjectMapping: 0.098400 ms MarkObjects: 1.834700 ms  DeleteObjects: 0.019200 ms)

========================================================================
Received Prepare
Registering precompiled user dll's ...
Registered in 0.004101 seconds.
Begin MonoManager ReloadAssembly
Native extension for WindowsStandalone target not found
Refreshing native plugins compatible for Editor in 0.80 ms, found 0 plugins.
Preloading 0 native plugins for Editor in 0.00 ms.
Mono: successfully reloaded assembly
- Completed reload, in  0.854 seconds
Platform modules already initialized, skipping
Shader 'Universal Render Pipeline/Particles/Lit': fallback shader 'Universal Render Pipeline/Particles/SimpleLit' not found
Refreshing native plugins compatible for Editor in 0.83 ms, found 0 plugins.
Preloading 0 native plugins for Editor in 0.00 ms.
Unloading 3652 Unused Serialized files (Serialized files now loaded: 0)
System memory in use before: 234.8 MB.
System memory in use after: 235.0 MB.

Unloading 27 unused Assets to reduce memory usage. Loaded Objects now: 4305.
Total: 2.595400 ms (FindLiveObjects: 0.344200 ms CreateObjectMapping: 0.093500 ms MarkObjects: 2.135400 ms  DeleteObjects: 0.021400 ms)

========================================================================
Received Import Request.
  Time since last request: 153.279161 seconds.
  path: Assets/Levels/Level28.unity
  artifactKey: Guid(f1c3306aced70b24882ff5038ec536b3) Importer(815301076,1909f56bfc062723c751e8b465ee728b)
Start importing Assets/Levels/Level28.unity using Guid(f1c3306aced70b24882ff5038ec536b3) Importer(815301076,1909f56bfc062723c751e8b465ee728b)  -> (artifact id: 'e24d7d64741061b9b9c279d0e8da848b') in 0.014542 seconds
  Import took 0.019455 seconds .

========================================================================
Received Prepare
Registering precompiled user dll's ...
Registered in 0.004080 seconds.
Begin MonoManager ReloadAssembly
Native extension for WindowsStandalone target not found
Refreshing native plugins compatible for Editor in 0.80 ms, found 0 plugins.
Preloading 0 native plugins for Editor in 0.00 ms.
Mono: successfully reloaded assembly
- Completed reload, in  0.912 seconds
Platform modules already initialized, skipping
Shader 'Universal Render Pipeline/Particles/Lit': fallback shader 'Universal Render Pipeline/Particles/SimpleLit' not found
Refreshing native plugins compatible for Editor in 0.83 ms, found 0 plugins.
Preloading 0 native plugins for Editor in 0.00 ms.
Unloading 3652 Unused Serialized files (Serialized files now loaded: 0)
System memory in use before: 234.8 MB.
System memory in use after: 235.0 MB.

Unloading 27 unused Assets to reduce memory usage. Loaded Objects now: 4307.
Total: 2.507400 ms (FindLiveObjects: 0.354800 ms CreateObjectMapping: 0.097700 ms MarkObjects: 2.034000 ms  DeleteObjects: 0.019900 ms)

========================================================================
Received Import Request.
  Time since last request: 485.940127 seconds.
  path: Assets/Levels/Level31.unity
  artifactKey: Guid(ade66203167fe42469a2b27bc9793b16) Importer(815301076,1909f56bfc062723c751e8b465ee728b)
Start importing Assets/Levels/Level31.unity using Guid(ade66203167fe42469a2b27bc9793b16) Importer(815301076,1909f56bfc062723c751e8b465ee728b)  -> (artifact id: 'ae28ed33ef2e09c70ede844f6930b1dd') in 0.014559 seconds
  Import took 0.031165 seconds .

========================================================================
Received Import Request.
  Time since last request: 67.611778 seconds.
  path: Assets/Prefabs/LevelCanvases/VolcanoCanvas.prefab
  artifactKey: Guid(10f0c213bd5ade64d8b1fd8d4e5b7253) Importer(815301076,1909f56bfc062723c751e8b465ee728b)
Start importing Assets/Prefabs/LevelCanvases/VolcanoCanvas.prefab using Guid(10f0c213bd5ade64d8b1fd8d4e5b7253) Importer(815301076,1909f56bfc062723c751e8b465ee728b)  -> (artifact id: '103bcce87f7325702c7060370d762faf') in 0.033217 seconds
  Import took 0.038478 seconds .

========================================================================
Received Import Request.
  Time since last request: 23.417649 seconds.
  path: Assets/Levels/Level32.unity
  artifactKey: Guid(3310d16918964d94bae4f2fc65810074) Importer(815301076,1909f56bfc062723c751e8b465ee728b)
Start importing Assets/Levels/Level32.unity using Guid(3310d16918964d94bae4f2fc65810074) Importer(815301076,1909f56bfc062723c751e8b465ee728b)  -> (artifact id: '556cc8475738058c4c3892b2d1701ae8') in 0.004278 seconds
  Import took 0.009102 seconds .

========================================================================
Received Import Request.
  Time since last request: 13.631681 seconds.
  path: Assets/Levels/Level31.unity
  artifactKey: Guid(ade66203167fe42469a2b27bc9793b16) Importer(815301076,1909f56bfc062723c751e8b465ee728b)
Start importing Assets/Levels/Level31.unity using Guid(ade66203167fe42469a2b27bc9793b16) Importer(815301076,1909f56bfc062723c751e8b465ee728b)  -> (artifact id: '4c6b2478e0ad18e449e57cc7287ae1ec') in 0.005013 seconds
  Import took 0.028821 seconds .

========================================================================
Received Import Request.
  Time since last request: 165.865659 seconds.
  path: Assets/Levels/Level37.unity
  artifactKey: Guid(69b263236c1ec6e4da0ee62575cd124c) Importer(815301076,1909f56bfc062723c751e8b465ee728b)
Start importing Assets/Levels/Level37.unity using Guid(69b263236c1ec6e4da0ee62575cd124c) Importer(815301076,1909f56bfc062723c751e8b465ee728b)  -> (artifact id: '850e453eeb5cfb01d5cd03710a417aa2') in 0.051073 seconds
  Import took 0.069660 seconds .

========================================================================
Received Prepare
Registering precompiled user dll's ...
Registered in 0.004698 seconds.
Begin MonoManager ReloadAssembly
Native extension for WindowsStandalone target not found
Refreshing native plugins compatible for Editor in 0.81 ms, found 0 plugins.
Preloading 0 native plugins for Editor in 0.00 ms.
Mono: successfully reloaded assembly
- Completed reload, in  0.862 seconds
Platform modules already initialized, skipping
Shader 'Universal Render Pipeline/Particles/Lit': fallback shader 'Universal Render Pipeline/Particles/SimpleLit' not found
Refreshing native plugins compatible for Editor in 0.82 ms, found 0 plugins.
Preloading 0 native plugins for Editor in 0.00 ms.
Unloading 3652 Unused Serialized files (Serialized files now loaded: 0)
System memory in use before: 234.8 MB.
System memory in use after: 235.1 MB.

Unloading 28 unused Assets to reduce memory usage. Loaded Objects now: 4309.
Total: 2.283400 ms (FindLiveObjects: 0.349600 ms CreateObjectMapping: 0.098800 ms MarkObjects: 1.809900 ms  DeleteObjects: 0.024400 ms)

========================================================================
Received Import Request.
  Time since last request: 56.807252 seconds.
  path: Assets/Levels/Level32.unity
  artifactKey: Guid(3310d16918964d94bae4f2fc65810074) Importer(815301076,1909f56bfc062723c751e8b465ee728b)
Start importing Assets/Levels/Level32.unity using Guid(3310d16918964d94bae4f2fc65810074) Importer(815301076,1909f56bfc062723c751e8b465ee728b)  -> (artifact id: '605f1deb207eb9c5669c9c11099dbbdd') in 0.014690 seconds
  Import took 0.042794 seconds .

========================================================================
Received Prepare
Registering precompiled user dll's ...
Registered in 0.004129 seconds.
Begin MonoManager ReloadAssembly
Native extension for WindowsStandalone target not found
Refreshing native plugins compatible for Editor in 0.80 ms, found 0 plugins.
Preloading 0 native plugins for Editor in 0.00 ms.
Mono: successfully reloaded assembly
- Completed reload, in  0.892 seconds
Platform modules already initialized, skipping
Shader 'Universal Render Pipeline/Particles/Lit': fallback shader 'Universal Render Pipeline/Particles/SimpleLit' not found
Refreshing native plugins compatible for Editor in 0.83 ms, found 0 plugins.
Preloading 0 native plugins for Editor in 0.00 ms.
Unloading 3652 Unused Serialized files (Serialized files now loaded: 0)
System memory in use before: 234.8 MB.
System memory in use after: 235.1 MB.

Unloading 27 unused Assets to reduce memory usage. Loaded Objects now: 4311.
Total: 2.655500 ms (FindLiveObjects: 0.457800 ms CreateObjectMapping: 0.105600 ms MarkObjects: 2.069500 ms  DeleteObjects: 0.021100 ms)

========================================================================
Received Import Request.
  Time since last request: 10.067883 seconds.
  path: Assets/Levels/Level33.unity
  artifactKey: Guid(bfeb77d390ae6f84c961f81f2dee7403) Importer(815301076,1909f56bfc062723c751e8b465ee728b)
Start importing Assets/Levels/Level33.unity using Guid(bfeb77d390ae6f84c961f81f2dee7403) Importer(815301076,1909f56bfc062723c751e8b465ee728b)  -> (artifact id: '7e425d5c35c18a11fd58279b1b67adbd') in 0.015326 seconds
  Import took 0.032869 seconds .

========================================================================
Received Import Request.
  Time since last request: 10.195683 seconds.
  path: Assets/Levels/Level33.unity
  artifactKey: Guid(bfeb77d390ae6f84c961f81f2dee7403) Importer(815301076,1909f56bfc062723c751e8b465ee728b)
Start importing Assets/Levels/Level33.unity using Guid(bfeb77d390ae6f84c961f81f2dee7403) Importer(815301076,1909f56bfc062723c751e8b465ee728b)  -> (artifact id: '2f18037faa26267861d713340f711271') in 0.004611 seconds
  Import took 0.019767 seconds .

========================================================================
Received Import Request.
  Time since last request: 0.654031 seconds.
  path: Assets/Levels/Level34.unity
  artifactKey: Guid(6cd68ca6616b60245abd5c42b30ebbe3) Importer(815301076,1909f56bfc062723c751e8b465ee728b)
Start importing Assets/Levels/Level34.unity using Guid(6cd68ca6616b60245abd5c42b30ebbe3) Importer(815301076,1909f56bfc062723c751e8b465ee728b)  -> (artifact id: 'f32b93a459dd5ad74b9ad5a582601aef') in 0.004394 seconds
  Import took 0.009611 seconds .

========================================================================
Received Import Request.
  Time since last request: 9.855754 seconds.
  path: Assets/Levels/Level35.unity
  artifactKey: Guid(ed17a6e2177832f448288f753751c5bb) Importer(815301076,1909f56bfc062723c751e8b465ee728b)
Start importing Assets/Levels/Level35.unity using Guid(ed17a6e2177832f448288f753751c5bb) Importer(815301076,1909f56bfc062723c751e8b465ee728b)  -> (artifact id: '2467911accd5d8c92e0eef5457475529') in 0.004558 seconds
  Import took 0.017680 seconds .

========================================================================
Received Import Request.
  Time since last request: 14.507802 seconds.
  path: Assets/Levels/Level36.unity
  artifactKey: Guid(b961d11f4a2b50b4aae2f27fe3acfdf4) Importer(815301076,1909f56bfc062723c751e8b465ee728b)
Start importing Assets/Levels/Level36.unity using Guid(b961d11f4a2b50b4aae2f27fe3acfdf4) Importer(815301076,1909f56bfc062723c751e8b465ee728b)  -> (artifact id: 'c7113fac27503ceec3162f96209411f2') in 2.127711 seconds
  Import took 2.152105 seconds .

========================================================================
Received Prepare
Registering precompiled user dll's ...
Registered in 0.004550 seconds.
Begin MonoManager ReloadAssembly
Native extension for WindowsStandalone target not found
Refreshing native plugins compatible for Editor in 0.81 ms, found 0 plugins.
Preloading 0 native plugins for Editor in 0.00 ms.
Mono: successfully reloaded assembly
- Completed reload, in  0.893 seconds
Platform modules already initialized, skipping
Shader 'Universal Render Pipeline/Particles/Lit': fallback shader 'Universal Render Pipeline/Particles/SimpleLit' not found
Refreshing native plugins compatible for Editor in 0.81 ms, found 0 plugins.
Preloading 0 native plugins for Editor in 0.00 ms.
Unloading 3652 Unused Serialized files (Serialized files now loaded: 0)
System memory in use before: 234.9 MB.
System memory in use after: 235.1 MB.

Unloading 27 unused Assets to reduce memory usage. Loaded Objects now: 4313.
Total: 2.644800 ms (FindLiveObjects: 0.361700 ms CreateObjectMapping: 0.121300 ms MarkObjects: 2.139700 ms  DeleteObjects: 0.021400 ms)

========================================================================
Received Prepare
Registering precompiled user dll's ...
Registered in 0.004385 seconds.
Begin MonoManager ReloadAssembly
Native extension for WindowsStandalone target not found
Refreshing native plugins compatible for Editor in 0.83 ms, found 0 plugins.
Preloading 0 native plugins for Editor in 0.00 ms.
Mono: successfully reloaded assembly
- Completed reload, in  0.888 seconds
Platform modules already initialized, skipping
Shader 'Universal Render Pipeline/Particles/Lit': fallback shader 'Universal Render Pipeline/Particles/SimpleLit' not found
Refreshing native plugins compatible for Editor in 0.88 ms, found 0 plugins.
Preloading 0 native plugins for Editor in 0.00 ms.
Unloading 3652 Unused Serialized files (Serialized files now loaded: 0)
System memory in use before: 234.9 MB.
System memory in use after: 235.1 MB.

Unloading 27 unused Assets to reduce memory usage. Loaded Objects now: 4315.
Total: 2.632000 ms (FindLiveObjects: 0.413500 ms CreateObjectMapping: 0.107600 ms MarkObjects: 2.090500 ms  DeleteObjects: 0.019300 ms)

========================================================================
Received Prepare
Registering precompiled user dll's ...
Registered in 0.004359 seconds.
Begin MonoManager ReloadAssembly
Native extension for WindowsStandalone target not found
Refreshing native plugins compatible for Editor in 0.80 ms, found 0 plugins.
Preloading 0 native plugins for Editor in 0.00 ms.
Mono: successfully reloaded assembly
- Completed reload, in  0.885 seconds
Platform modules already initialized, skipping
Shader 'Universal Render Pipeline/Particles/Lit': fallback shader 'Universal Render Pipeline/Particles/SimpleLit' not found
Refreshing native plugins compatible for Editor in 0.87 ms, found 0 plugins.
Preloading 0 native plugins for Editor in 0.00 ms.
Unloading 3652 Unused Serialized files (Serialized files now loaded: 0)
System memory in use before: 234.9 MB.
System memory in use after: 235.1 MB.

Unloading 27 unused Assets to reduce memory usage. Loaded Objects now: 4317.
Total: 2.516300 ms (FindLiveObjects: 0.388000 ms CreateObjectMapping: 0.108300 ms MarkObjects: 1.998400 ms  DeleteObjects: 0.020700 ms)

========================================================================
Received Prepare
Registering precompiled user dll's ...
Registered in 0.004478 seconds.
Begin MonoManager ReloadAssembly
Native extension for WindowsStandalone target not found
Refreshing native plugins compatible for Editor in 0.80 ms, found 0 plugins.
Preloading 0 native plugins for Editor in 0.00 ms.
Mono: successfully reloaded assembly
- Completed reload, in  0.863 seconds
Platform modules already initialized, skipping
Shader 'Universal Render Pipeline/Particles/Lit': fallback shader 'Universal Render Pipeline/Particles/SimpleLit' not found
Refreshing native plugins compatible for Editor in 0.84 ms, found 0 plugins.
Preloading 0 native plugins for Editor in 0.00 ms.
Unloading 3652 Unused Serialized files (Serialized files now loaded: 0)
System memory in use before: 234.9 MB.
System memory in use after: 235.1 MB.

Unloading 27 unused Assets to reduce memory usage. Loaded Objects now: 4319.
Total: 2.687000 ms (FindLiveObjects: 0.461200 ms CreateObjectMapping: 0.130100 ms MarkObjects: 2.072800 ms  DeleteObjects: 0.021600 ms)

========================================================================
Received Import Request.
  Time since last request: 318.619612 seconds.
  path: Assets/Levels/Level38.unity
  artifactKey: Guid(1dac2bc08202b144bb126b85ddccac0a) Importer(815301076,1909f56bfc062723c751e8b465ee728b)
Start importing Assets/Levels/Level38.unity using Guid(1dac2bc08202b144bb126b85ddccac0a) Importer(815301076,1909f56bfc062723c751e8b465ee728b)  -> (artifact id: '2774692dfa7c17b432ed5e40f4cedef5') in 0.038525 seconds
  Import took 0.083347 seconds .

========================================================================
Received Import Request.
  Time since last request: 10.288696 seconds.
  path: Assets/Levels/Level39.unity
  artifactKey: Guid(8215d44e4943df74b81ad12cd11b9207) Importer(815301076,1909f56bfc062723c751e8b465ee728b)
Start importing Assets/Levels/Level39.unity using Guid(8215d44e4943df74b81ad12cd11b9207) Importer(815301076,1909f56bfc062723c751e8b465ee728b)  -> (artifact id: 'b69a7c5b9c273ceb0c30d69a8712f2fe') in 0.011106 seconds
  Import took 0.036600 seconds .

========================================================================
Received Import Request.
  Time since last request: 6.319957 seconds.
  path: Assets/Levels/Level40.unity
  artifactKey: Guid(d56c7784e010ee840ad60e05ec804785) Importer(815301076,1909f56bfc062723c751e8b465ee728b)
Start importing Assets/Levels/Level40.unity using Guid(d56c7784e010ee840ad60e05ec804785) Importer(815301076,1909f56bfc062723c751e8b465ee728b)  -> (artifact id: '81250c907399759576a69bc98b657fe1') in 0.004243 seconds
  Import took 0.025538 seconds .

========================================================================
Received Prepare
Registering precompiled user dll's ...
Registered in 0.004223 seconds.
Begin MonoManager ReloadAssembly
Native extension for WindowsStandalone target not found
Refreshing native plugins compatible for Editor in 0.95 ms, found 0 plugins.
Preloading 0 native plugins for Editor in 0.00 ms.
Mono: successfully reloaded assembly
- Completed reload, in  0.889 seconds
Platform modules already initialized, skipping
Shader 'Universal Render Pipeline/Particles/Lit': fallback shader 'Universal Render Pipeline/Particles/SimpleLit' not found
Refreshing native plugins compatible for Editor in 0.86 ms, found 0 plugins.
Preloading 0 native plugins for Editor in 0.00 ms.
Unloading 3652 Unused Serialized files (Serialized files now loaded: 0)
System memory in use before: 234.9 MB.
System memory in use after: 235.2 MB.

Unloading 27 unused Assets to reduce memory usage. Loaded Objects now: 4321.
Total: 2.954900 ms (FindLiveObjects: 0.425000 ms CreateObjectMapping: 0.107600 ms MarkObjects: 2.400200 ms  DeleteObjects: 0.021300 ms)

========================================================================
Received Import Request.
  Time since last request: 107.218673 seconds.
  path: Assets/Levels/Level41.unity
  artifactKey: Guid(5952cb888b05a2346a73770e56a7a462) Importer(815301076,1909f56bfc062723c751e8b465ee728b)
Start importing Assets/Levels/Level41.unity using Guid(5952cb888b05a2346a73770e56a7a462) Importer(815301076,1909f56bfc062723c751e8b465ee728b)  -> (artifact id: 'c8b549d9134ca1a933f8fd6cb6f2cf66') in 0.016072 seconds
  Import took 0.040079 seconds .

========================================================================
Received Import Request.
  Time since last request: 21.862678 seconds.
  path: Assets/Prefabs/LevelCanvases/FactoryCanvas.prefab
  artifactKey: Guid(40ed12269ef23d64988ef285326d9079) Importer(815301076,1909f56bfc062723c751e8b465ee728b)
Start importing Assets/Prefabs/LevelCanvases/FactoryCanvas.prefab using Guid(40ed12269ef23d64988ef285326d9079) Importer(815301076,1909f56bfc062723c751e8b465ee728b)  -> (artifact id: '5e4f632547e4a148ce156409b0cfa6ee') in 0.034358 seconds
  Import took 0.049000 seconds .

========================================================================
Received Import Request.
  Time since last request: 7.873066 seconds.
  path: Assets/Levels/Level42.unity
  artifactKey: Guid(7e4ef9f9870eff746a1f4b6e8f508fe9) Importer(815301076,1909f56bfc062723c751e8b465ee728b)
Start importing Assets/Levels/Level42.unity using Guid(7e4ef9f9870eff746a1f4b6e8f508fe9) Importer(815301076,1909f56bfc062723c751e8b465ee728b)  -> (artifact id: '5151f066d7d2920927aeb169393c384d') in 0.004035 seconds
  Import took 0.041414 seconds .

========================================================================
Received Import Request.
  Time since last request: 171.553383 seconds.
  path: Assets/Levels/Level49.unity
  artifactKey: Guid(c7d0e98c17cb1c44a9270ec5de0e9f62) Importer(815301076,1909f56bfc062723c751e8b465ee728b)
Start importing Assets/Levels/Level49.unity using Guid(c7d0e98c17cb1c44a9270ec5de0e9f62) Importer(815301076,1909f56bfc062723c751e8b465ee728b)  -> (artifact id: 'f5f540041830394fc2fa3b5b1427a7c1') in 0.004758 seconds
  Import took 0.009683 seconds .

========================================================================
Received Prepare
Registering precompiled user dll's ...
Registered in 0.005076 seconds.
Begin MonoManager ReloadAssembly
Native extension for WindowsStandalone target not found
Refreshing native plugins compatible for Editor in 0.80 ms, found 0 plugins.
Preloading 0 native plugins for Editor in 0.00 ms.
Mono: successfully reloaded assembly
- Completed reload, in  0.894 seconds
Platform modules already initialized, skipping
Shader 'Universal Render Pipeline/Particles/Lit': fallback shader 'Universal Render Pipeline/Particles/SimpleLit' not found
Refreshing native plugins compatible for Editor in 0.83 ms, found 0 plugins.
Preloading 0 native plugins for Editor in 0.00 ms.
Unloading 3652 Unused Serialized files (Serialized files now loaded: 0)
System memory in use before: 235.0 MB.
System memory in use after: 235.2 MB.

Unloading 28 unused Assets to reduce memory usage. Loaded Objects now: 4323.
Total: 2.637300 ms (FindLiveObjects: 0.355200 ms CreateObjectMapping: 0.097700 ms MarkObjects: 2.149800 ms  DeleteObjects: 0.033900 ms)

========================================================================
Received Import Request.
  Time since last request: 97.986149 seconds.
  path: Assets/Levels/Level50.unity
  artifactKey: Guid(21e6806cde946e84e96405575de0f817) Importer(815301076,1909f56bfc062723c751e8b465ee728b)
Start importing Assets/Levels/Level50.unity using Guid(21e6806cde946e84e96405575de0f817) Importer(815301076,1909f56bfc062723c751e8b465ee728b)  -> (artifact id: '6fbece7c3c9a31f1646a67375538e6a4') in 0.014149 seconds
  Import took 0.039447 seconds .

========================================================================
Received Import Request.
  Time since last request: 116.718081 seconds.
  path: Assets/Levels/Level51.unity
  artifactKey: Guid(12e9733d46b66ce43aee5f393da3db6f) Importer(815301076,1909f56bfc062723c751e8b465ee728b)
Start importing Assets/Levels/Level51.unity using Guid(12e9733d46b66ce43aee5f393da3db6f) Importer(815301076,1909f56bfc062723c751e8b465ee728b)  -> (artifact id: '5b7bb2e60b3c692870671a16549411de') in 0.003863 seconds
  Import took 0.032014 seconds .

========================================================================
Received Prepare
Registering precompiled user dll's ...
Registered in 0.004201 seconds.
Begin MonoManager ReloadAssembly
Native extension for WindowsStandalone target not found
Refreshing native plugins compatible for Editor in 0.82 ms, found 0 plugins.
Preloading 0 native plugins for Editor in 0.00 ms.
Mono: successfully reloaded assembly
- Completed reload, in  0.871 seconds
Platform modules already initialized, skipping
Shader 'Universal Render Pipeline/Particles/Lit': fallback shader 'Universal Render Pipeline/Particles/SimpleLit' not found
Refreshing native plugins compatible for Editor in 0.84 ms, found 0 plugins.
Preloading 0 native plugins for Editor in 0.00 ms.
Unloading 3652 Unused Serialized files (Serialized files now loaded: 0)
System memory in use before: 235.0 MB.
System memory in use after: 235.2 MB.

Unloading 27 unused Assets to reduce memory usage. Loaded Objects now: 4325.
Total: 2.294100 ms (FindLiveObjects: 0.361000 ms CreateObjectMapping: 0.113100 ms MarkObjects: 1.802200 ms  DeleteObjects: 0.016900 ms)

========================================================================
Received Import Request.
  Time since last request: 38.593572 seconds.
  path: Assets/Prefabs/LevelCanvases/CavernsCanvas.prefab
  artifactKey: Guid(e6f67a65e61bef54d9e55125e53f1635) Importer(815301076,1909f56bfc062723c751e8b465ee728b)
Start importing Assets/Prefabs/LevelCanvases/CavernsCanvas.prefab using Guid(e6f67a65e61bef54d9e55125e53f1635) Importer(815301076,1909f56bfc062723c751e8b465ee728b)  -> (artifact id: '0655aa30d0a3f833001166b8adce4a3e') in 0.042052 seconds
  Import took 0.047287 seconds .

========================================================================
Received Import Request.
  Time since last request: 8.381065 seconds.
  path: Assets/Levels/Level52.unity
  artifactKey: Guid(6b7d665d99346ba4f9a4c851a005247c) Importer(815301076,1909f56bfc062723c751e8b465ee728b)
Start importing Assets/Levels/Level52.unity using Guid(6b7d665d99346ba4f9a4c851a005247c) Importer(815301076,1909f56bfc062723c751e8b465ee728b)  -> (artifact id: '0eb163ee841e381c94a642c635c32123') in 0.004987 seconds
  Import took 0.009923 seconds .

========================================================================
Received Import Request.
  Time since last request: 184.356946 seconds.
  path: Assets/Levels/Level53.unity
  artifactKey: Guid(9ccae9862debc1045a83359ddcb770ed) Importer(815301076,1909f56bfc062723c751e8b465ee728b)
Start importing Assets/Levels/Level53.unity using Guid(9ccae9862debc1045a83359ddcb770ed) Importer(815301076,1909f56bfc062723c751e8b465ee728b)  -> (artifact id: 'ce3f9ad9c879745cf2b88a333cc1cbd7') in 0.004061 seconds
  Import took 0.009629 seconds .

========================================================================
Received Import Request.
  Time since last request: 38.027965 seconds.
  path: Assets/Levels/Level60.unity
  artifactKey: Guid(42249734054ef2e4b865841120e1857c) Importer(815301076,1909f56bfc062723c751e8b465ee728b)
Start importing Assets/Levels/Level60.unity using Guid(42249734054ef2e4b865841120e1857c) Importer(815301076,1909f56bfc062723c751e8b465ee728b)  -> (artifact id: 'cb412470d0f6b7e29391ff6f8383b29a') in 0.004127 seconds
  Import took 0.025284 seconds .

========================================================================
Received Import Request.
  Time since last request: 1.140469 seconds.
  path: Assets/Levels/Level61.unity
  artifactKey: Guid(d4a301b849810cd44ba3cf097a8b55cb) Importer(815301076,1909f56bfc062723c751e8b465ee728b)
Start importing Assets/Levels/Level61.unity using Guid(d4a301b849810cd44ba3cf097a8b55cb) Importer(815301076,1909f56bfc062723c751e8b465ee728b)  -> (artifact id: '45d5d307efd4577f3c3c819b05b170a1') in 0.004183 seconds
  Import took 0.030138 seconds .

========================================================================
Received Prepare
Registering precompiled user dll's ...
Registered in 0.004242 seconds.
Begin MonoManager ReloadAssembly
Native extension for WindowsStandalone target not found
Refreshing native plugins compatible for Editor in 0.87 ms, found 0 plugins.
Preloading 0 native plugins for Editor in 0.00 ms.
Mono: successfully reloaded assembly
- Completed reload, in  0.852 seconds
Platform modules already initialized, skipping
Shader 'Universal Render Pipeline/Particles/Lit': fallback shader 'Universal Render Pipeline/Particles/SimpleLit' not found
Refreshing native plugins compatible for Editor in 0.83 ms, found 0 plugins.
Preloading 0 native plugins for Editor in 0.00 ms.
Unloading 3652 Unused Serialized files (Serialized files now loaded: 0)
System memory in use before: 235.0 MB.
System memory in use after: 235.3 MB.

Unloading 28 unused Assets to reduce memory usage. Loaded Objects now: 4327.
Total: 2.423800 ms (FindLiveObjects: 0.340200 ms CreateObjectMapping: 0.095600 ms MarkObjects: 1.964000 ms  DeleteObjects: 0.023000 ms)

========================================================================
Received Import Request.
  Time since last request: 32.661739 seconds.
  path: Assets/Prefabs/LevelCanvases/RuinsCanvas.prefab
  artifactKey: Guid(5a77a07d0afad484ba4fc36626fd0aa9) Importer(815301076,1909f56bfc062723c751e8b465ee728b)
Start importing Assets/Prefabs/LevelCanvases/RuinsCanvas.prefab using Guid(5a77a07d0afad484ba4fc36626fd0aa9) Importer(815301076,1909f56bfc062723c751e8b465ee728b)  -> (artifact id: 'b1b5a5f89b79a4274114e9c8898f6830') in 0.042565 seconds
  Import took 0.047763 seconds .

========================================================================
Received Import Request.
  Time since last request: 63.171726 seconds.
  path: Assets/Levels/Level62.unity
  artifactKey: Guid(fcbf982d760054643b8f0b2c622be050) Importer(815301076,1909f56bfc062723c751e8b465ee728b)
Start importing Assets/Levels/Level62.unity using Guid(fcbf982d760054643b8f0b2c622be050) Importer(815301076,1909f56bfc062723c751e8b465ee728b)  -> (artifact id: '6ddc06304aafb5929e339fb9a8ab0e53') in 0.004683 seconds
  Import took 0.027860 seconds .

========================================================================
Received Import Request.
  Time since last request: 325.192371 seconds.
  path: Assets/Levels/Level67.unity
  artifactKey: Guid(b17e444e35a8da14d84bfd303b0c29b5) Importer(815301076,1909f56bfc062723c751e8b465ee728b)
Start importing Assets/Levels/Level67.unity using Guid(b17e444e35a8da14d84bfd303b0c29b5) Importer(815301076,1909f56bfc062723c751e8b465ee728b)  -> (artifact id: '80ceaf59108ba77b30f1d7e22e878449') in 0.004318 seconds
  Import took 0.023016 seconds .

========================================================================
Received Import Request.
  Time since last request: 0.378902 seconds.
  path: Assets/Levels/Level66.unity
  artifactKey: Guid(87209764aaa64e64386451bc06391d55) Importer(815301076,1909f56bfc062723c751e8b465ee728b)
Start importing Assets/Levels/Level66.unity using Guid(87209764aaa64e64386451bc06391d55) Importer(815301076,1909f56bfc062723c751e8b465ee728b)  -> (artifact id: 'ec04a6632647603edf4342c8ce1ebabb') in 0.005514 seconds
  Import took 0.010166 seconds .

========================================================================
Received Prepare
Registering precompiled user dll's ...
Registered in 0.005048 seconds.
Begin MonoManager ReloadAssembly
Native extension for WindowsStandalone target not found
Refreshing native plugins compatible for Editor in 0.82 ms, found 0 plugins.
Preloading 0 native plugins for Editor in 0.00 ms.
Mono: successfully reloaded assembly
- Completed reload, in  0.876 seconds
Platform modules already initialized, skipping
Shader 'Universal Render Pipeline/Particles/Lit': fallback shader 'Universal Render Pipeline/Particles/SimpleLit' not found
Refreshing native plugins compatible for Editor in 0.84 ms, found 0 plugins.
Preloading 0 native plugins for Editor in 0.00 ms.
Unloading 3652 Unused Serialized files (Serialized files now loaded: 0)
System memory in use before: 235.1 MB.
System memory in use after: 235.3 MB.

Unloading 28 unused Assets to reduce memory usage. Loaded Objects now: 4329.
Total: 2.576800 ms (FindLiveObjects: 0.386300 ms CreateObjectMapping: 0.109100 ms MarkObjects: 2.052400 ms  DeleteObjects: 0.027900 ms)

========================================================================
Received Import Request.
  Time since last request: 99.824963 seconds.
  path: Assets/Levels/Level71.unity
  artifactKey: Guid(51e5c8ac6150b4e4a9e6bbaebf1cef88) Importer(815301076,1909f56bfc062723c751e8b465ee728b)
Start importing Assets/Levels/Level71.unity using Guid(51e5c8ac6150b4e4a9e6bbaebf1cef88) Importer(815301076,1909f56bfc062723c751e8b465ee728b)  -> (artifact id: '5a76b552fe9ecb144b62bdcbf35362bb') in 0.015309 seconds
  Import took 0.046413 seconds .

========================================================================
Received Import Request.
  Time since last request: 24.267066 seconds.
  path: Assets/Prefabs/LevelCanvases/SkyCanvas.prefab
  artifactKey: Guid(2dcc4571947171f49a2949162e2f60d9) Importer(815301076,1909f56bfc062723c751e8b465ee728b)
Start importing Assets/Prefabs/LevelCanvases/SkyCanvas.prefab using Guid(2dcc4571947171f49a2949162e2f60d9) Importer(815301076,1909f56bfc062723c751e8b465ee728b)  -> (artifact id: '452f3b8ae2a90c0f9cb7699e0b14b843') in 0.031566 seconds
  Import took 0.050713 seconds .

========================================================================
Received Import Request.
  Time since last request: 6.380638 seconds.
  path: Assets/Levels/Level72.unity
  artifactKey: Guid(ffc9251b4c64905439a2ca071eaa6a51) Importer(815301076,1909f56bfc062723c751e8b465ee728b)
Start importing Assets/Levels/Level72.unity using Guid(ffc9251b4c64905439a2ca071eaa6a51) Importer(815301076,1909f56bfc062723c751e8b465ee728b)  -> (artifact id: '9aaa3390ca732f711bcedd9af9243c0a') in 0.003943 seconds
  Import took 0.008378 seconds .

========================================================================
Received Import Request.
  Time since last request: 126.780125 seconds.
  path: Assets/Levels/Level74.unity
  artifactKey: Guid(67b2c35c86f4b244bb304b1781f690c7) Importer(815301076,1909f56bfc062723c751e8b465ee728b)
Start importing Assets/Levels/Level74.unity using Guid(67b2c35c86f4b244bb304b1781f690c7) Importer(815301076,1909f56bfc062723c751e8b465ee728b)  -> (artifact id: '26dc23551842a24b6ed45d0761c3ab75') in 0.003763 seconds
  Import took 0.013499 seconds .

========================================================================
Received Import Request.
  Time since last request: 1.408136 seconds.
  path: Assets/Levels/Level76.unity
  artifactKey: Guid(6506701c07e688f42b4f13a9ab49f12f) Importer(815301076,1909f56bfc062723c751e8b465ee728b)
Start importing Assets/Levels/Level76.unity using Guid(6506701c07e688f42b4f13a9ab49f12f) Importer(815301076,1909f56bfc062723c751e8b465ee728b)  -> (artifact id: '8c50e287af0ffd55d77a7ee965d263eb') in 0.004246 seconds
  Import took 0.023814 seconds .

========================================================================
Received Import Request.
  Time since last request: 86.056969 seconds.
  path: Assets/Levels/Level80.unity
  artifactKey: Guid(4f85e10f8cfcddb4aa9f6f67f17ffa9a) Importer(815301076,1909f56bfc062723c751e8b465ee728b)
Start importing Assets/Levels/Level80.unity using Guid(4f85e10f8cfcddb4aa9f6f67f17ffa9a) Importer(815301076,1909f56bfc062723c751e8b465ee728b)  -> (artifact id: 'cb165ea28f2654e831e26834b2e48499') in 0.005296 seconds
  Import took 0.010518 seconds .

========================================================================
Received Import Request.
  Time since last request: 7.717262 seconds.
  path: Assets/Levels/Level81.unity
  artifactKey: Guid(ef4723623c4613b43ae0ab29ca290623) Importer(815301076,1909f56bfc062723c751e8b465ee728b)
Start importing Assets/Levels/Level81.unity using Guid(ef4723623c4613b43ae0ab29ca290623) Importer(815301076,1909f56bfc062723c751e8b465ee728b)  -> (artifact id: '8b5e844f7edda8ba3ccbd1dcf1d58e24') in 0.004058 seconds
  Import took 0.028177 seconds .

========================================================================
Received Prepare
Registering precompiled user dll's ...
Registered in 0.004261 seconds.
Begin MonoManager ReloadAssembly
Native extension for WindowsStandalone target not found
Refreshing native plugins compatible for Editor in 0.82 ms, found 0 plugins.
Preloading 0 native plugins for Editor in 0.00 ms.
Mono: successfully reloaded assembly
- Completed reload, in  0.888 seconds
Platform modules already initialized, skipping
Shader 'Universal Render Pipeline/Particles/Lit': fallback shader 'Universal Render Pipeline/Particles/SimpleLit' not found
Refreshing native plugins compatible for Editor in 0.86 ms, found 0 plugins.
Preloading 0 native plugins for Editor in 0.00 ms.
Unloading 3652 Unused Serialized files (Serialized files now loaded: 0)
System memory in use before: 235.1 MB.
System memory in use after: 235.3 MB.

Unloading 28 unused Assets to reduce memory usage. Loaded Objects now: 4331.
Total: 2.393000 ms (FindLiveObjects: 0.366000 ms CreateObjectMapping: 0.103900 ms MarkObjects: 1.898200 ms  DeleteObjects: 0.023900 ms)

========================================================================
Received Import Request.
  Time since last request: 14.077517 seconds.
  path: Assets/Levels/Level85.unity
  artifactKey: Guid(8703f83fe03d86d4396f32045462d4ab) Importer(815301076,1909f56bfc062723c751e8b465ee728b)
Start importing Assets/Levels/Level85.unity using Guid(8703f83fe03d86d4396f32045462d4ab) Importer(815301076,1909f56bfc062723c751e8b465ee728b)  -> (artifact id: 'eb25f72ab659bb643c1c7de3b40eae9b') in 0.014388 seconds
  Import took 0.040574 seconds .

========================================================================
Received Import Request.
  Time since last request: 2.713449 seconds.
  path: Assets/Levels/Level86.unity
  artifactKey: Guid(b81c12ee9addcb94a908116559d04f90) Importer(815301076,1909f56bfc062723c751e8b465ee728b)
Start importing Assets/Levels/Level86.unity using Guid(b81c12ee9addcb94a908116559d04f90) Importer(815301076,1909f56bfc062723c751e8b465ee728b)  -> (artifact id: '88ae3b4b2214227bd7becb2a15343201') in 0.004156 seconds
  Import took 0.030161 seconds .

========================================================================
Received Import Request.
  Time since last request: 0.972125 seconds.
  path: Assets/Levels/Level87.unity
  artifactKey: Guid(e31988efa253f514fb5ee52c7da1a998) Importer(815301076,1909f56bfc062723c751e8b465ee728b)
Start importing Assets/Levels/Level87.unity using Guid(e31988efa253f514fb5ee52c7da1a998) Importer(815301076,1909f56bfc062723c751e8b465ee728b)  -> (artifact id: 'b240c5cbc9f4cbdd516e76f13b5aef29') in 0.004178 seconds
  Import took 0.019236 seconds .

========================================================================
Received Import Request.
  Time since last request: 31.736924 seconds.
  path: Assets/Prefabs/LevelCanvases/MoonCanvas.prefab
  artifactKey: Guid(5dce799cd4b4df04e914b7de6d9aa9ac) Importer(815301076,1909f56bfc062723c751e8b465ee728b)
Start importing Assets/Prefabs/LevelCanvases/MoonCanvas.prefab using Guid(5dce799cd4b4df04e914b7de6d9aa9ac) Importer(815301076,1909f56bfc062723c751e8b465ee728b)  -> (artifact id: '81b9c29953913bc60455cf34ed25c2ac') in 0.031811 seconds
  Import took 0.056787 seconds .

========================================================================
Received Import Request.
  Time since last request: 21.473178 seconds.
  path: Assets/Levels/Level81.unity
  artifactKey: Guid(ef4723623c4613b43ae0ab29ca290623) Importer(815301076,1909f56bfc062723c751e8b465ee728b)
Start importing Assets/Levels/Level81.unity using Guid(ef4723623c4613b43ae0ab29ca290623) Importer(815301076,1909f56bfc062723c751e8b465ee728b)  -> (artifact id: 'da8971d4c0db01a568bc4713053f0bff') in 0.003883 seconds
  Import took 0.008642 seconds .

========================================================================
Received Import Request.
  Time since last request: 345.706014 seconds.
  path: Assets/Levels/Level91.unity
  artifactKey: Guid(f69a52e791b2cb14b8a9e4e018f1de34) Importer(815301076,1909f56bfc062723c751e8b465ee728b)
Start importing Assets/Levels/Level91.unity using Guid(f69a52e791b2cb14b8a9e4e018f1de34) Importer(815301076,1909f56bfc062723c751e8b465ee728b)  -> (artifact id: '7dc0866a7176894a59b30478800043af') in 0.004408 seconds
  Import took 0.009818 seconds .

========================================================================
Received Import Request.
  Time since last request: 1.407799 seconds.
  path: Assets/Levels/Level88.unity
  artifactKey: Guid(7660757cdafedd5438d7236228870750) Importer(815301076,1909f56bfc062723c751e8b465ee728b)
Start importing Assets/Levels/Level88.unity using Guid(7660757cdafedd5438d7236228870750) Importer(815301076,1909f56bfc062723c751e8b465ee728b)  -> (artifact id: '43fb3d10414b8ee457d056325cb48942') in 0.004285 seconds
  Import took 0.009223 seconds .

========================================================================
Received Prepare
Registering precompiled user dll's ...
Registered in 0.004794 seconds.
Begin MonoManager ReloadAssembly
Native extension for WindowsStandalone target not found
Refreshing native plugins compatible for Editor in 0.92 ms, found 0 plugins.
Preloading 0 native plugins for Editor in 0.00 ms.
Mono: successfully reloaded assembly
- Completed reload, in  1.038 seconds
Platform modules already initialized, skipping
Shader 'Universal Render Pipeline/Particles/Lit': fallback shader 'Universal Render Pipeline/Particles/SimpleLit' not found
Refreshing native plugins compatible for Editor in 0.88 ms, found 0 plugins.
Preloading 0 native plugins for Editor in 0.00 ms.
Unloading 3652 Unused Serialized files (Serialized files now loaded: 0)
System memory in use before: 235.5 MB.
System memory in use after: 235.8 MB.

Unloading 28 unused Assets to reduce memory usage. Loaded Objects now: 4333.
Total: 2.512600 ms (FindLiveObjects: 0.421200 ms CreateObjectMapping: 0.118200 ms MarkObjects: 1.947700 ms  DeleteObjects: 0.024500 ms)

========================================================================
Received Prepare
Registering precompiled user dll's ...
Registered in 0.004286 seconds.
Begin MonoManager ReloadAssembly
Native extension for WindowsStandalone target not found
Refreshing native plugins compatible for Editor in 0.81 ms, found 0 plugins.
Preloading 0 native plugins for Editor in 0.00 ms.
Mono: successfully reloaded assembly
- Completed reload, in  0.842 seconds
Platform modules already initialized, skipping
Shader 'Universal Render Pipeline/Particles/Lit': fallback shader 'Universal Render Pipeline/Particles/SimpleLit' not found
Refreshing native plugins compatible for Editor in 0.82 ms, found 0 plugins.
Preloading 0 native plugins for Editor in 0.00 ms.
Unloading 3652 Unused Serialized files (Serialized files now loaded: 0)
System memory in use before: 235.5 MB.
System memory in use after: 235.8 MB.

Unloading 27 unused Assets to reduce memory usage. Loaded Objects now: 4335.
Total: 2.425900 ms (FindLiveObjects: 0.350900 ms CreateObjectMapping: 0.100400 ms MarkObjects: 1.955300 ms  DeleteObjects: 0.018400 ms)

========================================================================
Received Prepare
Registering precompiled user dll's ...
Registered in 0.004046 seconds.
Begin MonoManager ReloadAssembly
Native extension for WindowsStandalone target not found
Refreshing native plugins compatible for Editor in 0.82 ms, found 0 plugins.
Preloading 0 native plugins for Editor in 0.00 ms.
Mono: successfully reloaded assembly
- Completed reload, in  0.875 seconds
Platform modules already initialized, skipping
Shader 'Universal Render Pipeline/Particles/Lit': fallback shader 'Universal Render Pipeline/Particles/SimpleLit' not found
Refreshing native plugins compatible for Editor in 0.84 ms, found 0 plugins.
Preloading 0 native plugins for Editor in 0.00 ms.
Unloading 3652 Unused Serialized files (Serialized files now loaded: 0)
System memory in use before: 235.6 MB.
System memory in use after: 235.8 MB.

Unloading 27 unused Assets to reduce memory usage. Loaded Objects now: 4337.
Total: 2.905200 ms (FindLiveObjects: 0.470100 ms CreateObjectMapping: 0.101200 ms MarkObjects: 2.310800 ms  DeleteObjects: 0.021700 ms)

========================================================================
Received Prepare
Registering precompiled user dll's ...
Registered in 0.004346 seconds.
Begin MonoManager ReloadAssembly
Native extension for WindowsStandalone target not found
Refreshing native plugins compatible for Editor in 0.80 ms, found 0 plugins.
Preloading 0 native plugins for Editor in 0.00 ms.
Mono: successfully reloaded assembly
- Completed reload, in  0.848 seconds
Platform modules already initialized, skipping
Shader 'Universal Render Pipeline/Particles/Lit': fallback shader 'Universal Render Pipeline/Particles/SimpleLit' not found
Refreshing native plugins compatible for Editor in 0.83 ms, found 0 plugins.
Preloading 0 native plugins for Editor in 0.00 ms.
Unloading 3652 Unused Serialized files (Serialized files now loaded: 0)
System memory in use before: 235.6 MB.
System memory in use after: 235.8 MB.

Unloading 27 unused Assets to reduce memory usage. Loaded Objects now: 4339.
Total: 2.388400 ms (FindLiveObjects: 0.365300 ms CreateObjectMapping: 0.102100 ms MarkObjects: 1.900600 ms  DeleteObjects: 0.019400 ms)

========================================================================
Received Import Request.
  Time since last request: 289.119542 seconds.
  path: Assets/Levels/Level90.unity
  artifactKey: Guid(56b67796aceea4a4bb6f24b43a3579bf) Importer(815301076,1909f56bfc062723c751e8b465ee728b)
Start importing Assets/Levels/Level90.unity using Guid(56b67796aceea4a4bb6f24b43a3579bf) Importer(815301076,1909f56bfc062723c751e8b465ee728b)  -> (artifact id: '27a52537f0ef86bce13e05ea4238e42d') in 0.015470 seconds
  Import took 0.041735 seconds .

========================================================================
Received Import Request.
  Time since last request: 45.438286 seconds.
  path: Assets/Prefabs/Enemy6.prefab
  artifactKey: Guid(84c56473f91abd746bfd054b008ac5b3) Importer(815301076,1909f56bfc062723c751e8b465ee728b)
Start importing Assets/Prefabs/Enemy6.prefab using Guid(84c56473f91abd746bfd054b008ac5b3) Importer(815301076,1909f56bfc062723c751e8b465ee728b)  -> (artifact id: 'c29463bf61a50c004e69a4ab7597e0a9') in 0.150150 seconds
  Import took 0.156214 seconds .

========================================================================
Received Prepare
Registering precompiled user dll's ...
Registered in 0.004293 seconds.
Begin MonoManager ReloadAssembly
Native extension for WindowsStandalone target not found
Refreshing native plugins compatible for Editor in 0.89 ms, found 0 plugins.
Preloading 0 native plugins for Editor in 0.00 ms.
Mono: successfully reloaded assembly
- Completed reload, in  0.893 seconds
Platform modules already initialized, skipping
Shader 'Universal Render Pipeline/Particles/Lit': fallback shader 'Universal Render Pipeline/Particles/SimpleLit' not found
Refreshing native plugins compatible for Editor in 0.86 ms, found 0 plugins.
Preloading 0 native plugins for Editor in 0.00 ms.
Unloading 3652 Unused Serialized files (Serialized files now loaded: 0)
System memory in use before: 235.7 MB.
System memory in use after: 236.0 MB.

Unloading 27 unused Assets to reduce memory usage. Loaded Objects now: 4377.
Total: 2.589900 ms (FindLiveObjects: 0.408100 ms CreateObjectMapping: 0.116300 ms MarkObjects: 2.041600 ms  DeleteObjects: 0.022400 ms)

========================================================================
Received Import Request.
  Time since last request: 39.186597 seconds.
  path: Assets/Levels/Level92.unity
  artifactKey: Guid(fc02a71b1394139499f0ffb0b59affee) Importer(815301076,1909f56bfc062723c751e8b465ee728b)
Start importing Assets/Levels/Level92.unity using Guid(fc02a71b1394139499f0ffb0b59affee) Importer(815301076,1909f56bfc062723c751e8b465ee728b)  -> (artifact id: 'be2635bbb091e439095df2963f09311a') in 0.013346 seconds
  Import took 0.035199 seconds .

========================================================================
Received Prepare
Registering precompiled user dll's ...
Registered in 0.004218 seconds.
Begin MonoManager ReloadAssembly
Native extension for WindowsStandalone target not found
Refreshing native plugins compatible for Editor in 0.81 ms, found 0 plugins.
Preloading 0 native plugins for Editor in 0.00 ms.
Mono: successfully reloaded assembly
- Completed reload, in  0.865 seconds
Platform modules already initialized, skipping
Shader 'Universal Render Pipeline/Particles/Lit': fallback shader 'Universal Render Pipeline/Particles/SimpleLit' not found
Refreshing native plugins compatible for Editor in 0.87 ms, found 0 plugins.
Preloading 0 native plugins for Editor in 0.00 ms.
Unloading 3652 Unused Serialized files (Serialized files now loaded: 0)
System memory in use before: 235.7 MB.
System memory in use after: 236.0 MB.

Unloading 27 unused Assets to reduce memory usage. Loaded Objects now: 4379.
Total: 2.806700 ms (FindLiveObjects: 0.364700 ms CreateObjectMapping: 0.101300 ms MarkObjects: 2.318800 ms  DeleteObjects: 0.021000 ms)

========================================================================
Received Import Request.
  Time since last request: 23.656379 seconds.
  path: Assets/Levels/Level93.unity
  artifactKey: Guid(ec9cf513f1b0a3344841734b3ebb07f3) Importer(815301076,1909f56bfc062723c751e8b465ee728b)
Start importing Assets/Levels/Level93.unity using Guid(ec9cf513f1b0a3344841734b3ebb07f3) Importer(815301076,1909f56bfc062723c751e8b465ee728b)  -> (artifact id: '8618319141c1ce9959f63745919d4b25') in 0.013884 seconds
  Import took 0.018702 seconds .

========================================================================
Received Import Request.
  Time since last request: 12.304464 seconds.
  path: Assets/Levels/Level94.unity
  artifactKey: Guid(600fb4b9a0783574fa1a634c8dfff6f3) Importer(815301076,1909f56bfc062723c751e8b465ee728b)
Start importing Assets/Levels/Level94.unity using Guid(600fb4b9a0783574fa1a634c8dfff6f3) Importer(815301076,1909f56bfc062723c751e8b465ee728b)  -> (artifact id: 'df86c1776e80fc75e78f40603a1ce68c') in 0.004952 seconds
  Import took 0.038214 seconds .

========================================================================
Received Import Request.
  Time since last request: 43.346333 seconds.
  path: Assets/Levels/Level95.unity
  artifactKey: Guid(83d1b43364456324faf68b5c9345c065) Importer(815301076,1909f56bfc062723c751e8b465ee728b)
Start importing Assets/Levels/Level95.unity using Guid(83d1b43364456324faf68b5c9345c065) Importer(815301076,1909f56bfc062723c751e8b465ee728b)  -> (artifact id: '538b890ffe2ad0b1c359cf8d7c9ca81b') in 0.004359 seconds
  Import took 0.039396 seconds .

========================================================================
Received Import Request.
  Time since last request: 13.390268 seconds.
  path: Assets/Levels/Level96.unity
  artifactKey: Guid(74b54facaae53494ea847c9bfc3ee9fd) Importer(815301076,1909f56bfc062723c751e8b465ee728b)
Start importing Assets/Levels/Level96.unity using Guid(74b54facaae53494ea847c9bfc3ee9fd) Importer(815301076,1909f56bfc062723c751e8b465ee728b)  -> (artifact id: 'c7f5a7020889f6b5c20981d3c61015cb') in 0.005031 seconds
  Import took 0.038127 seconds .

========================================================================
Received Import Request.
  Time since last request: 15.048948 seconds.
  path: Assets/Levels/Level97.unity
  artifactKey: Guid(6ec79972899905b40b281a39cb00f0cb) Importer(815301076,1909f56bfc062723c751e8b465ee728b)
Start importing Assets/Levels/Level97.unity using Guid(6ec79972899905b40b281a39cb00f0cb) Importer(815301076,1909f56bfc062723c751e8b465ee728b)  -> (artifact id: '8790f681e0ba7137d66a00e7fa912038') in 0.004515 seconds
  Import took 0.009142 seconds .

========================================================================
Received Import Request.
  Time since last request: 17.710447 seconds.
  path: Assets/Levels/Level98.unity
  artifactKey: Guid(4a626325a4f43a84c9244591f3ad2aed) Importer(815301076,1909f56bfc062723c751e8b465ee728b)
Start importing Assets/Levels/Level98.unity using Guid(4a626325a4f43a84c9244591f3ad2aed) Importer(815301076,1909f56bfc062723c751e8b465ee728b)  -> (artifact id: '57a498454d0502ca8fa7953d4fbebfb6') in 0.003733 seconds
  Import took 0.022364 seconds .

========================================================================
Received Import Request.
  Time since last request: 16.479765 seconds.
  path: Assets/Levels/Level99.unity
  artifactKey: Guid(f995dce93e33619489206fab62ae2a79) Importer(815301076,1909f56bfc062723c751e8b465ee728b)
Start importing Assets/Levels/Level99.unity using Guid(f995dce93e33619489206fab62ae2a79) Importer(815301076,1909f56bfc062723c751e8b465ee728b)  -> (artifact id: '1facd22c1b1292d1853e8653a3ae4da9') in 0.004456 seconds
  Import took 0.009362 seconds .

========================================================================
Received Import Request.
  Time since last request: 32.175976 seconds.
  path: Assets/Levels/Level97.unity
  artifactKey: Guid(6ec79972899905b40b281a39cb00f0cb) Importer(815301076,1909f56bfc062723c751e8b465ee728b)
Start importing Assets/Levels/Level97.unity using Guid(6ec79972899905b40b281a39cb00f0cb) Importer(815301076,1909f56bfc062723c751e8b465ee728b)  -> (artifact id: 'be6432e8ffe8f761a4a9a68c5bac13fd') in 0.004220 seconds
  Import took 0.008923 seconds .

========================================================================
Received Import Request.
  Time since last request: 11.147935 seconds.
  path: Assets/Levels/MainMenu.unity
  artifactKey: Guid(95f5684707a6dfd4d8dbfaefc99759b4) Importer(815301076,1909f56bfc062723c751e8b465ee728b)
Start importing Assets/Levels/MainMenu.unity using Guid(95f5684707a6dfd4d8dbfaefc99759b4) Importer(815301076,1909f56bfc062723c751e8b465ee728b)  -> (artifact id: '9b0eb29babc27254fafc5db16fb9adfc') in 0.004395 seconds
  Import took 0.009012 seconds .

========================================================================
Received Import Request.
  Time since last request: 0.310740 seconds.
  path: Assets/Levels/Level98.unity
  artifactKey: Guid(4a626325a4f43a84c9244591f3ad2aed) Importer(815301076,1909f56bfc062723c751e8b465ee728b)
Start importing Assets/Levels/Level98.unity using Guid(4a626325a4f43a84c9244591f3ad2aed) Importer(815301076,1909f56bfc062723c751e8b465ee728b)  -> (artifact id: '9b828e5cef18a8df186912d2a3bb6448') in 0.004490 seconds
  Import took 0.031013 seconds .

========================================================================
Received Import Request.
  Time since last request: 3.133891 seconds.
  path: Assets/Levels/Level99.unity
  artifactKey: Guid(f995dce93e33619489206fab62ae2a79) Importer(815301076,1909f56bfc062723c751e8b465ee728b)
Start importing Assets/Levels/Level99.unity using Guid(f995dce93e33619489206fab62ae2a79) Importer(815301076,1909f56bfc062723c751e8b465ee728b)  -> (artifact id: '4db2fb082d595307ae7c32ac8e19efff') in 0.004135 seconds
  Import took 0.028427 seconds .

========================================================================
Received Import Request.
  Time since last request: 3.914806 seconds.
  path: Assets/Levels/Level100.unity
  artifactKey: Guid(6d6ed05f2a792234c8988e6921a7c520) Importer(815301076,1909f56bfc062723c751e8b465ee728b)
Start importing Assets/Levels/Level100.unity using Guid(6d6ed05f2a792234c8988e6921a7c520) Importer(815301076,1909f56bfc062723c751e8b465ee728b)  -> (artifact id: '04bc4b9943cc99c07f194f34a33d38e2') in 0.003796 seconds
  Import took 0.008429 seconds .

========================================================================
Received Prepare
Registering precompiled user dll's ...
Registered in 0.004079 seconds.
Begin MonoManager ReloadAssembly
Native extension for WindowsStandalone target not found
Refreshing native plugins compatible for Editor in 0.84 ms, found 0 plugins.
Preloading 0 native plugins for Editor in 0.00 ms.
Mono: successfully reloaded assembly
- Completed reload, in  0.862 seconds
Platform modules already initialized, skipping
Shader 'Universal Render Pipeline/Particles/Lit': fallback shader 'Universal Render Pipeline/Particles/SimpleLit' not found
Refreshing native plugins compatible for Editor in 0.82 ms, found 0 plugins.
Preloading 0 native plugins for Editor in 0.00 ms.
Unloading 3652 Unused Serialized files (Serialized files now loaded: 0)
System memory in use before: 235.8 MB.
System memory in use after: 236.0 MB.

Unloading 27 unused Assets to reduce memory usage. Loaded Objects now: 4381.
Total: 2.987100 ms (FindLiveObjects: 0.349100 ms CreateObjectMapping: 0.096200 ms MarkObjects: 2.517400 ms  DeleteObjects: 0.023300 ms)

========================================================================
Received Prepare
Registering precompiled user dll's ...
Registered in 0.003898 seconds.
Begin MonoManager ReloadAssembly
Native extension for WindowsStandalone target not found
Refreshing native plugins compatible for Editor in 0.83 ms, found 0 plugins.
Preloading 0 native plugins for Editor in 0.00 ms.
Mono: successfully reloaded assembly
- Completed reload, in  0.864 seconds
Platform modules already initialized, skipping
Shader 'Universal Render Pipeline/Particles/Lit': fallback shader 'Universal Render Pipeline/Particles/SimpleLit' not found
Refreshing native plugins compatible for Editor in 0.82 ms, found 0 plugins.
Preloading 0 native plugins for Editor in 0.00 ms.
Unloading 3652 Unused Serialized files (Serialized files now loaded: 0)
System memory in use before: 235.8 MB.
System memory in use after: 236.1 MB.

Unloading 27 unused Assets to reduce memory usage. Loaded Objects now: 4383.
Total: 2.689900 ms (FindLiveObjects: 0.382400 ms CreateObjectMapping: 0.109200 ms MarkObjects: 2.175800 ms  DeleteObjects: 0.021500 ms)

========================================================================
Received Prepare
Registering precompiled user dll's ...
Registered in 0.004207 seconds.
Begin MonoManager ReloadAssembly
Native extension for WindowsStandalone target not found
Refreshing native plugins compatible for Editor in 0.85 ms, found 0 plugins.
Preloading 0 native plugins for Editor in 0.00 ms.
Mono: successfully reloaded assembly
- Completed reload, in  0.875 seconds
Platform modules already initialized, skipping
Shader 'Universal Render Pipeline/Particles/Lit': fallback shader 'Universal Render Pipeline/Particles/SimpleLit' not found
Refreshing native plugins compatible for Editor in 0.91 ms, found 0 plugins.
Preloading 0 native plugins for Editor in 0.00 ms.
Unloading 3652 Unused Serialized files (Serialized files now loaded: 0)
System memory in use before: 235.8 MB.
System memory in use after: 236.1 MB.

Unloading 27 unused Assets to reduce memory usage. Loaded Objects now: 4385.
Total: 2.605500 ms (FindLiveObjects: 0.462500 ms CreateObjectMapping: 0.114200 ms MarkObjects: 2.005500 ms  DeleteObjects: 0.022100 ms)

========================================================================
Received Prepare
Registering precompiled user dll's ...
Registered in 0.005039 seconds.
Begin MonoManager ReloadAssembly
Native extension for WindowsStandalone target not found
Refreshing native plugins compatible for Editor in 0.83 ms, found 0 plugins.
Preloading 0 native plugins for Editor in 0.00 ms.
Mono: successfully reloaded assembly
- Completed reload, in  0.869 seconds
Platform modules already initialized, skipping
Shader 'Universal Render Pipeline/Particles/Lit': fallback shader 'Universal Render Pipeline/Particles/SimpleLit' not found
Refreshing native plugins compatible for Editor in 0.98 ms, found 0 plugins.
Preloading 0 native plugins for Editor in 0.00 ms.
Unloading 3652 Unused Serialized files (Serialized files now loaded: 0)
System memory in use before: 235.8 MB.
System memory in use after: 236.1 MB.

Unloading 27 unused Assets to reduce memory usage. Loaded Objects now: 4387.
Total: 2.675200 ms (FindLiveObjects: 0.427900 ms CreateObjectMapping: 0.120300 ms MarkObjects: 2.104800 ms  DeleteObjects: 0.020900 ms)

AssetImportWorkerClient::OnTransportError - code=2 error=End of file
