Using pre-set license
Built from '2020.3/staging' branch; Version is '2020.3.5f1 (8095aa901b9b) revision 8426922'; Using compiler version '192528614'; Build Type 'Release'
OS: 'Windows 10 Pro; OS build 19042.1526; Version 2009; 64bit' Language: 'en' Physical Memory: 32576 MB
BatchMode: 1, IsHumanControllingUs: 0, StartBugReporterOnCrash: 0, Is64bit: 1, IsPro: 0

 COMMAND LINE ARGUMENTS:
F:\AC - Projects\Oonity\2020.3.5f1\Editor\Unity.exe
-adb2
-batchMode
-noUpm
-name
AssetImportWorker0
-projectPath
F:/AC - Projects/WR2/WillysRevenge2
-logFile
Logs/AssetImportWorker0.log
-srvPort
58626
Successfully changed project path to: F:/AC - Projects/WR2/WillysRevenge2
F:/AC - Projects/WR2/WillysRevenge2
Using Asset Import Pipeline V2.
Refreshing native plugins compatible for Editor in 80.44 ms, found 0 plugins.
Preloading 0 native plugins for Editor in 0.00 ms.
Initialize engine version: 2020.3.5f1 (8095aa901b9b)
[Subsystems] Discovering subsystems at path F:/AC - Projects/Oonity/2020.3.5f1/Editor/Data/Resources/UnitySubsystems
[Subsystems] Discovering subsystems at path F:/AC - Projects/WR2/WillysRevenge2/Assets
GfxDevice: creating device client; threaded=0
Direct3D:
    Version:  Direct3D 11.0 [level 11.1]
    Renderer: NVIDIA TITAN X (Pascal) (ID=0x1b00)
    Vendor:   
    VRAM:     12147 MB
    Driver:   30.0.14.9676
Shader 'Universal Render Pipeline/Particles/Lit': fallback shader 'Universal Render Pipeline/Particles/SimpleLit' not found
Initialize mono
Mono path[0] = 'F:/AC - Projects/Oonity/2020.3.5f1/Editor/Data/Managed'
Mono path[1] = 'F:/AC - Projects/Oonity/2020.3.5f1/Editor/Data/MonoBleedingEdge/lib/mono/unityjit'
Mono config path = 'F:/AC - Projects/Oonity/2020.3.5f1/Editor/Data/MonoBleedingEdge/etc'
Using monoOptions --debugger-agent=transport=dt_socket,embedding=1,server=y,suspend=n,address=127.0.0.1:56760
Begin MonoManager ReloadAssembly
Registering precompiled unity dll's ...
Register platform support module: F:/AC - Projects/Oonity/2020.3.5f1/Editor/Data/PlaybackEngines/WindowsStandaloneSupport/UnityEditor.WindowsStandalone.Extensions.dll
Registered in 0.001348 seconds.
Native extension for WindowsStandalone target not found
Refreshing native plugins compatible for Editor in 75.05 ms, found 0 plugins.
Preloading 0 native plugins for Editor in 0.00 ms.
Mono: successfully reloaded assembly
- Completed reload, in  2.194 seconds
Platform modules already initialized, skipping
Registering precompiled user dll's ...
Registered in 0.003955 seconds.
Begin MonoManager ReloadAssembly
Native extension for WindowsStandalone target not found
Refreshing native plugins compatible for Editor in 76.50 ms, found 0 plugins.
Preloading 0 native plugins for Editor in 0.00 ms.
Mono: successfully reloaded assembly
- Completed reload, in  0.971 seconds
Platform modules already initialized, skipping
========================================================================
Worker process is ready to serve import requests
Shader 'Universal Render Pipeline/Particles/Lit': fallback shader 'Universal Render Pipeline/Particles/SimpleLit' not found
Launched and connected shader compiler UnityShaderCompiler.exe after 0.04 seconds
Refreshing native plugins compatible for Editor in 0.81 ms, found 0 plugins.
Preloading 0 native plugins for Editor in 0.00 ms.
Unloading 3815 Unused Serialized files (Serialized files now loaded: 0)
System memory in use before: 241.2 MB.
System memory in use after: 241.5 MB.

Unloading 37 unused Assets to reduce memory usage. Loaded Objects now: 4250.
Total: 2.281900 ms (FindLiveObjects: 0.367300 ms CreateObjectMapping: 0.098100 ms MarkObjects: 1.791100 ms  DeleteObjects: 0.024500 ms)

========================================================================
Received Import Request.
  path: Assets/Levels/Level6.unity
  artifactKey: Guid(d232741df3c207942b0a3f0edc7b8281) Importer(815301076,1909f56bfc062723c751e8b465ee728b)
Start importing Assets/Levels/Level6.unity using Guid(d232741df3c207942b0a3f0edc7b8281) Importer(815301076,1909f56bfc062723c751e8b465ee728b)  -> (artifact id: 'c581ea73b28f4e2124326826dd7561f4') in 0.015780 seconds
  Import took 0.039281 seconds .

========================================================================
Received Import Request.
  Time since last request: 0.142445 seconds.
  path: Assets/Levels/Level6.unity
  artifactKey: Guid(d232741df3c207942b0a3f0edc7b8281) Importer(815301076,1909f56bfc062723c751e8b465ee728b)
Start importing Assets/Levels/Level6.unity using Guid(d232741df3c207942b0a3f0edc7b8281) Importer(815301076,1909f56bfc062723c751e8b465ee728b)  -> (artifact id: 'c581ea73b28f4e2124326826dd7561f4') in 0.004534 seconds
  Import took 0.009177 seconds .

========================================================================
Received Prepare
Registering precompiled user dll's ...
Registered in 0.004115 seconds.
Begin MonoManager ReloadAssembly
Native extension for WindowsStandalone target not found
Refreshing native plugins compatible for Editor in 0.86 ms, found 0 plugins.
Preloading 0 native plugins for Editor in 0.00 ms.
Mono: successfully reloaded assembly
- Completed reload, in  0.843 seconds
Platform modules already initialized, skipping
Shader 'Universal Render Pipeline/Particles/Lit': fallback shader 'Universal Render Pipeline/Particles/SimpleLit' not found
Refreshing native plugins compatible for Editor in 0.82 ms, found 0 plugins.
Preloading 0 native plugins for Editor in 0.00 ms.
Unloading 3654 Unused Serialized files (Serialized files now loaded: 0)
System memory in use before: 229.5 MB.
System memory in use after: 229.7 MB.

Unloading 27 unused Assets to reduce memory usage. Loaded Objects now: 4252.
Total: 2.165300 ms (FindLiveObjects: 0.343500 ms CreateObjectMapping: 0.105700 ms MarkObjects: 1.696400 ms  DeleteObjects: 0.018600 ms)

========================================================================
Received Prepare
Registering precompiled user dll's ...
Registered in 0.004128 seconds.
Begin MonoManager ReloadAssembly
Native extension for WindowsStandalone target not found
Refreshing native plugins compatible for Editor in 0.80 ms, found 0 plugins.
Preloading 0 native plugins for Editor in 0.00 ms.
Mono: successfully reloaded assembly
- Completed reload, in  0.827 seconds
Platform modules already initialized, skipping
Shader 'Universal Render Pipeline/Particles/Lit': fallback shader 'Universal Render Pipeline/Particles/SimpleLit' not found
Refreshing native plugins compatible for Editor in 0.81 ms, found 0 plugins.
Preloading 0 native plugins for Editor in 0.00 ms.
Unloading 3654 Unused Serialized files (Serialized files now loaded: 0)
System memory in use before: 229.6 MB.
System memory in use after: 229.8 MB.

Unloading 27 unused Assets to reduce memory usage. Loaded Objects now: 4254.
Total: 3.149600 ms (FindLiveObjects: 0.455400 ms CreateObjectMapping: 0.154100 ms MarkObjects: 2.507100 ms  DeleteObjects: 0.031600 ms)

========================================================================
Received Prepare
Registering precompiled user dll's ...
Registered in 0.004051 seconds.
Begin MonoManager ReloadAssembly
Native extension for WindowsStandalone target not found
Refreshing native plugins compatible for Editor in 0.89 ms, found 0 plugins.
Preloading 0 native plugins for Editor in 0.00 ms.
Mono: successfully reloaded assembly
- Completed reload, in  0.872 seconds
Platform modules already initialized, skipping
Shader 'Universal Render Pipeline/Particles/Lit': fallback shader 'Universal Render Pipeline/Particles/SimpleLit' not found
Refreshing native plugins compatible for Editor in 0.85 ms, found 0 plugins.
Preloading 0 native plugins for Editor in 0.00 ms.
Unloading 3654 Unused Serialized files (Serialized files now loaded: 0)
System memory in use before: 229.6 MB.
System memory in use after: 229.8 MB.

Unloading 27 unused Assets to reduce memory usage. Loaded Objects now: 4256.
Total: 2.603200 ms (FindLiveObjects: 0.429900 ms CreateObjectMapping: 0.115200 ms MarkObjects: 2.032900 ms  DeleteObjects: 0.024000 ms)

========================================================================
Received Prepare
Registering precompiled user dll's ...
Registered in 0.004286 seconds.
Begin MonoManager ReloadAssembly
Native extension for WindowsStandalone target not found
Refreshing native plugins compatible for Editor in 0.82 ms, found 0 plugins.
Preloading 0 native plugins for Editor in 0.00 ms.
Mono: successfully reloaded assembly
- Completed reload, in  0.845 seconds
Platform modules already initialized, skipping
Shader 'Universal Render Pipeline/Particles/Lit': fallback shader 'Universal Render Pipeline/Particles/SimpleLit' not found
Refreshing native plugins compatible for Editor in 0.82 ms, found 0 plugins.
Preloading 0 native plugins for Editor in 0.00 ms.
Unloading 3654 Unused Serialized files (Serialized files now loaded: 0)
System memory in use before: 229.6 MB.
System memory in use after: 229.9 MB.

Unloading 27 unused Assets to reduce memory usage. Loaded Objects now: 4258.
Total: 2.522300 ms (FindLiveObjects: 0.333800 ms CreateObjectMapping: 0.098300 ms MarkObjects: 2.066200 ms  DeleteObjects: 0.023100 ms)

========================================================================
Received Prepare
Registering precompiled user dll's ...
Registered in 0.004336 seconds.
Begin MonoManager ReloadAssembly
Native extension for WindowsStandalone target not found
Refreshing native plugins compatible for Editor in 0.80 ms, found 0 plugins.
Preloading 0 native plugins for Editor in 0.00 ms.
Mono: successfully reloaded assembly
- Completed reload, in  0.878 seconds
Platform modules already initialized, skipping
Shader 'Universal Render Pipeline/Particles/Lit': fallback shader 'Universal Render Pipeline/Particles/SimpleLit' not found
Refreshing native plugins compatible for Editor in 0.82 ms, found 0 plugins.
Preloading 0 native plugins for Editor in 0.00 ms.
Unloading 3654 Unused Serialized files (Serialized files now loaded: 0)
System memory in use before: 229.6 MB.
System memory in use after: 229.9 MB.

Unloading 27 unused Assets to reduce memory usage. Loaded Objects now: 4260.
Total: 2.426300 ms (FindLiveObjects: 0.377900 ms CreateObjectMapping: 0.117700 ms MarkObjects: 1.905400 ms  DeleteObjects: 0.024400 ms)

========================================================================
Received Prepare
Registering precompiled user dll's ...
Registered in 0.004122 seconds.
Begin MonoManager ReloadAssembly
Native extension for WindowsStandalone target not found
Refreshing native plugins compatible for Editor in 0.81 ms, found 0 plugins.
Preloading 0 native plugins for Editor in 0.00 ms.
Mono: successfully reloaded assembly
- Completed reload, in  0.832 seconds
Platform modules already initialized, skipping
Shader 'Universal Render Pipeline/Particles/Lit': fallback shader 'Universal Render Pipeline/Particles/SimpleLit' not found
Refreshing native plugins compatible for Editor in 0.81 ms, found 0 plugins.
Preloading 0 native plugins for Editor in 0.00 ms.
Unloading 3654 Unused Serialized files (Serialized files now loaded: 0)
System memory in use before: 229.6 MB.
System memory in use after: 229.9 MB.

Unloading 27 unused Assets to reduce memory usage. Loaded Objects now: 4262.
Total: 2.456700 ms (FindLiveObjects: 0.349300 ms CreateObjectMapping: 0.104500 ms MarkObjects: 1.981300 ms  DeleteObjects: 0.020500 ms)

========================================================================
Received Prepare
Registering precompiled user dll's ...
Registered in 0.004348 seconds.
Begin MonoManager ReloadAssembly
Native extension for WindowsStandalone target not found
Refreshing native plugins compatible for Editor in 0.81 ms, found 0 plugins.
Preloading 0 native plugins for Editor in 0.00 ms.
Mono: successfully reloaded assembly
- Completed reload, in  0.848 seconds
Platform modules already initialized, skipping
Shader 'Universal Render Pipeline/Particles/Lit': fallback shader 'Universal Render Pipeline/Particles/SimpleLit' not found
Refreshing native plugins compatible for Editor in 0.82 ms, found 0 plugins.
Preloading 0 native plugins for Editor in 0.00 ms.
Unloading 3654 Unused Serialized files (Serialized files now loaded: 0)
System memory in use before: 229.6 MB.
System memory in use after: 229.9 MB.

Unloading 27 unused Assets to reduce memory usage. Loaded Objects now: 4264.
Total: 2.655200 ms (FindLiveObjects: 0.340600 ms CreateObjectMapping: 0.092200 ms MarkObjects: 2.194900 ms  DeleteObjects: 0.026200 ms)

========================================================================
Received Prepare
Registering precompiled user dll's ...
Registered in 0.004213 seconds.
Begin MonoManager ReloadAssembly
Native extension for WindowsStandalone target not found
Refreshing native plugins compatible for Editor in 0.82 ms, found 0 plugins.
Preloading 0 native plugins for Editor in 0.00 ms.
Mono: successfully reloaded assembly
- Completed reload, in  0.856 seconds
Platform modules already initialized, skipping
Shader 'Universal Render Pipeline/Particles/Lit': fallback shader 'Universal Render Pipeline/Particles/SimpleLit' not found
Refreshing native plugins compatible for Editor in 0.87 ms, found 0 plugins.
Preloading 0 native plugins for Editor in 0.00 ms.
Unloading 3654 Unused Serialized files (Serialized files now loaded: 0)
System memory in use before: 229.7 MB.
System memory in use after: 229.9 MB.

Unloading 27 unused Assets to reduce memory usage. Loaded Objects now: 4266.
Total: 2.678900 ms (FindLiveObjects: 0.428500 ms CreateObjectMapping: 0.107500 ms MarkObjects: 2.113700 ms  DeleteObjects: 0.027400 ms)

========================================================================
Received Import Request.
  Time since last request: 422.036540 seconds.
  path: Assets/Levels/Level5.unity
  artifactKey: Guid(6c3cb78e01813f946a28c57cb3e516cd) Importer(815301076,1909f56bfc062723c751e8b465ee728b)
Start importing Assets/Levels/Level5.unity using Guid(6c3cb78e01813f946a28c57cb3e516cd) Importer(815301076,1909f56bfc062723c751e8b465ee728b)  -> (artifact id: 'b491252509a6fbda368fa94deee8ab55') in 0.013397 seconds
  Import took 0.047156 seconds .

========================================================================
Received Prepare
Registering precompiled user dll's ...
Registered in 0.003973 seconds.
Begin MonoManager ReloadAssembly
Native extension for WindowsStandalone target not found
Refreshing native plugins compatible for Editor in 0.81 ms, found 0 plugins.
Preloading 0 native plugins for Editor in 0.00 ms.
Mono: successfully reloaded assembly
- Completed reload, in  0.818 seconds
Platform modules already initialized, skipping
Shader 'Universal Render Pipeline/Particles/Lit': fallback shader 'Universal Render Pipeline/Particles/SimpleLit' not found
Refreshing native plugins compatible for Editor in 0.82 ms, found 0 plugins.
Preloading 0 native plugins for Editor in 0.00 ms.
Unloading 3654 Unused Serialized files (Serialized files now loaded: 0)
System memory in use before: 229.7 MB.
System memory in use after: 229.9 MB.

Unloading 27 unused Assets to reduce memory usage. Loaded Objects now: 4268.
Total: 2.297400 ms (FindLiveObjects: 0.357000 ms CreateObjectMapping: 0.096400 ms MarkObjects: 1.821800 ms  DeleteObjects: 0.021500 ms)

========================================================================
Received Import Request.
  Time since last request: 5.252417 seconds.
  path: Assets/Levels/Level7.unity
  artifactKey: Guid(bede99e09f8c34943abebf7601e325c6) Importer(815301076,1909f56bfc062723c751e8b465ee728b)
Start importing Assets/Levels/Level7.unity using Guid(bede99e09f8c34943abebf7601e325c6) Importer(815301076,1909f56bfc062723c751e8b465ee728b)  -> (artifact id: '90f64963c2074caec690f6fdebff35a3') in 0.014585 seconds
  Import took 0.019320 seconds .

========================================================================
Received Import Request.
  Time since last request: 0.195566 seconds.
  path: Assets/Levels/Level7.unity
  artifactKey: Guid(bede99e09f8c34943abebf7601e325c6) Importer(815301076,1909f56bfc062723c751e8b465ee728b)
Start importing Assets/Levels/Level7.unity using Guid(bede99e09f8c34943abebf7601e325c6) Importer(815301076,1909f56bfc062723c751e8b465ee728b)  -> (artifact id: '90f64963c2074caec690f6fdebff35a3') in 0.003735 seconds
  Import took 0.008598 seconds .

========================================================================
Received Prepare
Registering precompiled user dll's ...
Registered in 0.004148 seconds.
Begin MonoManager ReloadAssembly
Native extension for WindowsStandalone target not found
Refreshing native plugins compatible for Editor in 0.80 ms, found 0 plugins.
Preloading 0 native plugins for Editor in 0.00 ms.
Mono: successfully reloaded assembly
- Completed reload, in  0.837 seconds
Platform modules already initialized, skipping
Shader 'Universal Render Pipeline/Particles/Lit': fallback shader 'Universal Render Pipeline/Particles/SimpleLit' not found
Refreshing native plugins compatible for Editor in 0.84 ms, found 0 plugins.
Preloading 0 native plugins for Editor in 0.00 ms.
Unloading 3654 Unused Serialized files (Serialized files now loaded: 0)
System memory in use before: 229.7 MB.
System memory in use after: 229.9 MB.

Unloading 27 unused Assets to reduce memory usage. Loaded Objects now: 4270.
Total: 2.447000 ms (FindLiveObjects: 0.369600 ms CreateObjectMapping: 0.100100 ms MarkObjects: 1.952100 ms  DeleteObjects: 0.024500 ms)

========================================================================
Received Prepare
Registering precompiled user dll's ...
Registered in 0.004138 seconds.
Begin MonoManager ReloadAssembly
Native extension for WindowsStandalone target not found
Refreshing native plugins compatible for Editor in 0.81 ms, found 0 plugins.
Preloading 0 native plugins for Editor in 0.00 ms.
Mono: successfully reloaded assembly
- Completed reload, in  0.845 seconds
Platform modules already initialized, skipping
Shader 'Universal Render Pipeline/Particles/Lit': fallback shader 'Universal Render Pipeline/Particles/SimpleLit' not found
Refreshing native plugins compatible for Editor in 0.82 ms, found 0 plugins.
Preloading 0 native plugins for Editor in 0.00 ms.
Unloading 3654 Unused Serialized files (Serialized files now loaded: 0)
System memory in use before: 229.7 MB.
System memory in use after: 229.9 MB.

Unloading 27 unused Assets to reduce memory usage. Loaded Objects now: 4272.
Total: 2.287600 ms (FindLiveObjects: 0.346800 ms CreateObjectMapping: 0.093600 ms MarkObjects: 1.821600 ms  DeleteObjects: 0.024500 ms)

========================================================================
Received Import Request.
  Time since last request: 24.034765 seconds.
  path: Assets/Levels/Level8.unity
  artifactKey: Guid(12f4a00d4c9a41841aba0c8fc7351684) Importer(815301076,1909f56bfc062723c751e8b465ee728b)
Start importing Assets/Levels/Level8.unity using Guid(12f4a00d4c9a41841aba0c8fc7351684) Importer(815301076,1909f56bfc062723c751e8b465ee728b)  -> (artifact id: 'b8425cac39678bea636fd00febdad11f') in 0.013897 seconds
  Import took 0.043850 seconds .

========================================================================
Received Import Request.
  Time since last request: 0.210232 seconds.
  path: Assets/Levels/Level8.unity
  artifactKey: Guid(12f4a00d4c9a41841aba0c8fc7351684) Importer(815301076,1909f56bfc062723c751e8b465ee728b)
Start importing Assets/Levels/Level8.unity using Guid(12f4a00d4c9a41841aba0c8fc7351684) Importer(815301076,1909f56bfc062723c751e8b465ee728b)  -> (artifact id: 'b8425cac39678bea636fd00febdad11f') in 0.005585 seconds
  Import took 0.010656 seconds .

========================================================================
Received Prepare
Registering precompiled user dll's ...
Registered in 0.003984 seconds.
Begin MonoManager ReloadAssembly
Native extension for WindowsStandalone target not found
Refreshing native plugins compatible for Editor in 0.82 ms, found 0 plugins.
Preloading 0 native plugins for Editor in 0.00 ms.
Mono: successfully reloaded assembly
- Completed reload, in  0.850 seconds
Platform modules already initialized, skipping
Shader 'Universal Render Pipeline/Particles/Lit': fallback shader 'Universal Render Pipeline/Particles/SimpleLit' not found
Refreshing native plugins compatible for Editor in 0.83 ms, found 0 plugins.
Preloading 0 native plugins for Editor in 0.00 ms.
Unloading 3654 Unused Serialized files (Serialized files now loaded: 0)
System memory in use before: 229.7 MB.
System memory in use after: 229.9 MB.

Unloading 27 unused Assets to reduce memory usage. Loaded Objects now: 4274.
Total: 2.426500 ms (FindLiveObjects: 0.383400 ms CreateObjectMapping: 0.096900 ms MarkObjects: 1.919300 ms  DeleteObjects: 0.025900 ms)

========================================================================
Received Prepare
Registering precompiled user dll's ...
Registered in 0.004018 seconds.
Begin MonoManager ReloadAssembly
Native extension for WindowsStandalone target not found
Refreshing native plugins compatible for Editor in 0.92 ms, found 0 plugins.
Preloading 0 native plugins for Editor in 0.00 ms.
Mono: successfully reloaded assembly
- Completed reload, in  0.834 seconds
Platform modules already initialized, skipping
Shader 'Universal Render Pipeline/Particles/Lit': fallback shader 'Universal Render Pipeline/Particles/SimpleLit' not found
Refreshing native plugins compatible for Editor in 0.83 ms, found 0 plugins.
Preloading 0 native plugins for Editor in 0.00 ms.
Unloading 3654 Unused Serialized files (Serialized files now loaded: 0)
System memory in use before: 229.7 MB.
System memory in use after: 230.0 MB.

Unloading 27 unused Assets to reduce memory usage. Loaded Objects now: 4276.
Total: 2.292300 ms (FindLiveObjects: 0.340300 ms CreateObjectMapping: 0.109200 ms MarkObjects: 1.825400 ms  DeleteObjects: 0.016300 ms)

========================================================================
Received Import Request.
  Time since last request: 14.487164 seconds.
  path: Assets/Levels/Level9.unity
  artifactKey: Guid(6482f931717bf364986ee74bb0f3b094) Importer(815301076,1909f56bfc062723c751e8b465ee728b)
Start importing Assets/Levels/Level9.unity using Guid(6482f931717bf364986ee74bb0f3b094) Importer(815301076,1909f56bfc062723c751e8b465ee728b)  -> (artifact id: 'c45eea5049bd117b52dab420129d3580') in 0.015161 seconds
  Import took 0.020244 seconds .

========================================================================
Received Import Request.
  Time since last request: 245.370983 seconds.
  path: Assets/Levels/Level6.unity
  artifactKey: Guid(d232741df3c207942b0a3f0edc7b8281) Importer(815301076,1909f56bfc062723c751e8b465ee728b)
Start importing Assets/Levels/Level6.unity using Guid(d232741df3c207942b0a3f0edc7b8281) Importer(815301076,1909f56bfc062723c751e8b465ee728b)  -> (artifact id: 'c86daa6722c703ead3a5d74e687e804c') in 0.004431 seconds
  Import took 0.026072 seconds .

========================================================================
Received Import Request.
  Time since last request: 67.959467 seconds.
  path: Assets/Prefabs/LevelCanvases/CavernsCanvas.prefab
  artifactKey: Guid(e6f67a65e61bef54d9e55125e53f1635) Importer(815301076,1909f56bfc062723c751e8b465ee728b)
Start importing Assets/Prefabs/LevelCanvases/CavernsCanvas.prefab using Guid(e6f67a65e61bef54d9e55125e53f1635) Importer(815301076,1909f56bfc062723c751e8b465ee728b)  -> (artifact id: '8bf99687e8cdaf9c6d4a8a4b4d01bcdd') in 0.052718 seconds
  Import took 0.072430 seconds .

========================================================================
Received Import Request.
  Time since last request: 0.000193 seconds.
  path: Assets/Prefabs/LevelCanvases/RuinsCanvas.prefab
  artifactKey: Guid(5a77a07d0afad484ba4fc36626fd0aa9) Importer(815301076,1909f56bfc062723c751e8b465ee728b)
Start importing Assets/Prefabs/LevelCanvases/RuinsCanvas.prefab using Guid(5a77a07d0afad484ba4fc36626fd0aa9) Importer(815301076,1909f56bfc062723c751e8b465ee728b)  -> (artifact id: 'f92fedac89440a36839d06116f19c0b0') in 0.007179 seconds
  Import took 0.018550 seconds .

========================================================================
Received Import Request.
  Time since last request: 0.000223 seconds.
  path: Assets/Prefabs/LevelCanvases/SkyCanvas.prefab
  artifactKey: Guid(2dcc4571947171f49a2949162e2f60d9) Importer(815301076,1909f56bfc062723c751e8b465ee728b)
Start importing Assets/Prefabs/LevelCanvases/SkyCanvas.prefab using Guid(2dcc4571947171f49a2949162e2f60d9) Importer(815301076,1909f56bfc062723c751e8b465ee728b)  -> (artifact id: 'f0572e1eea4cfe99fc8583b66b2cf606') in 0.008219 seconds
  Import took 0.025139 seconds .

========================================================================
Received Import Request.
  Time since last request: 0.000276 seconds.
  path: Assets/Prefabs/LevelCanvases/MoonCanvas.prefab
  artifactKey: Guid(5dce799cd4b4df04e914b7de6d9aa9ac) Importer(815301076,1909f56bfc062723c751e8b465ee728b)
Start importing Assets/Prefabs/LevelCanvases/MoonCanvas.prefab using Guid(5dce799cd4b4df04e914b7de6d9aa9ac) Importer(815301076,1909f56bfc062723c751e8b465ee728b)  -> (artifact id: 'dfb2114220f5b252abb8c4aac4406e3b') in 0.007645 seconds
  Import took 0.021351 seconds .

========================================================================
Received Import Request.
  Time since last request: 0.000145 seconds.
  path: Assets/Prefabs/LevelCanvases/DesertCanvas.prefab
  artifactKey: Guid(bd478fcbc89bd2a4d8944804fa0d6332) Importer(815301076,1909f56bfc062723c751e8b465ee728b)
Start importing Assets/Prefabs/LevelCanvases/DesertCanvas.prefab using Guid(bd478fcbc89bd2a4d8944804fa0d6332) Importer(815301076,1909f56bfc062723c751e8b465ee728b)  -> (artifact id: '7aa5fdd4a0df8d11cba2ef5b2fbf7c0e') in 0.007765 seconds
  Import took 0.026784 seconds .

========================================================================
Received Import Request.
  Time since last request: 0.000261 seconds.
  path: Assets/Prefabs/LevelCanvases/FactoryCanvas.prefab
  artifactKey: Guid(40ed12269ef23d64988ef285326d9079) Importer(815301076,1909f56bfc062723c751e8b465ee728b)
Start importing Assets/Prefabs/LevelCanvases/FactoryCanvas.prefab using Guid(40ed12269ef23d64988ef285326d9079) Importer(815301076,1909f56bfc062723c751e8b465ee728b)  -> (artifact id: 'bac868a9a9d673fafd47e912df48d4db') in 0.007902 seconds
  Import took 0.012660 seconds .

========================================================================
Received Import Request.
  Time since last request: 0.000219 seconds.
  path: Assets/Prefabs/LevelCanvases/VolcanoCanvas.prefab
  artifactKey: Guid(10f0c213bd5ade64d8b1fd8d4e5b7253) Importer(815301076,1909f56bfc062723c751e8b465ee728b)
Start importing Assets/Prefabs/LevelCanvases/VolcanoCanvas.prefab using Guid(10f0c213bd5ade64d8b1fd8d4e5b7253) Importer(815301076,1909f56bfc062723c751e8b465ee728b)  -> (artifact id: '5b9724c3e34fad8e6cbf646d820f9cb8') in 0.008046 seconds
  Import took 0.036666 seconds .

========================================================================
Received Import Request.
  Time since last request: 0.000287 seconds.
  path: Assets/Prefabs/LevelCanvases/IceCanvas.prefab
  artifactKey: Guid(8e15f2fefff6bf54cad3aa090ea0adb9) Importer(815301076,1909f56bfc062723c751e8b465ee728b)
Start importing Assets/Prefabs/LevelCanvases/IceCanvas.prefab using Guid(8e15f2fefff6bf54cad3aa090ea0adb9) Importer(815301076,1909f56bfc062723c751e8b465ee728b)  -> (artifact id: 'd9bba8414babba49f02b640448ad18c7') in 0.007831 seconds
  Import took 0.022070 seconds .

========================================================================
Received Prepare
Registering precompiled user dll's ...
Registered in 0.004135 seconds.
Begin MonoManager ReloadAssembly
Native extension for WindowsStandalone target not found
Refreshing native plugins compatible for Editor in 0.80 ms, found 0 plugins.
Preloading 0 native plugins for Editor in 0.00 ms.
Mono: successfully reloaded assembly
- Completed reload, in  0.843 seconds
Platform modules already initialized, skipping
Shader 'Universal Render Pipeline/Particles/Lit': fallback shader 'Universal Render Pipeline/Particles/SimpleLit' not found
Refreshing native plugins compatible for Editor in 0.84 ms, found 0 plugins.
Preloading 0 native plugins for Editor in 0.00 ms.
Unloading 3654 Unused Serialized files (Serialized files now loaded: 0)
System memory in use before: 229.8 MB.
System memory in use after: 230.1 MB.

Unloading 28 unused Assets to reduce memory usage. Loaded Objects now: 4280.
Total: 2.203800 ms (FindLiveObjects: 0.334100 ms CreateObjectMapping: 0.095800 ms MarkObjects: 1.751300 ms  DeleteObjects: 0.021500 ms)

========================================================================
Received Import Request.
  Time since last request: 15.444236 seconds.
  path: Assets/Prefabs/LevelCanvases/ForestCanvas.prefab
  artifactKey: Guid(2aae97eaaad97f74984c3310f022f602) Importer(815301076,1909f56bfc062723c751e8b465ee728b)
Start importing Assets/Prefabs/LevelCanvases/ForestCanvas.prefab using Guid(2aae97eaaad97f74984c3310f022f602) Importer(815301076,1909f56bfc062723c751e8b465ee728b)  -> (artifact id: '12fc474f7de3a0950c568a34915461a2') in 0.041148 seconds
  Import took 0.060203 seconds .

========================================================================
Received Import Request.
  Time since last request: 7.234549 seconds.
  path: Assets/Prefabs/LevelCanvases/IceCanvas.prefab
  artifactKey: Guid(8e15f2fefff6bf54cad3aa090ea0adb9) Importer(815301076,1909f56bfc062723c751e8b465ee728b)
Start importing Assets/Prefabs/LevelCanvases/IceCanvas.prefab using Guid(8e15f2fefff6bf54cad3aa090ea0adb9) Importer(815301076,1909f56bfc062723c751e8b465ee728b)  -> (artifact id: 'eda7891db4ab433f3a7da95c10b9e025') in 0.017581 seconds
  Import took 0.022593 seconds .

========================================================================
Received Import Request.
  Time since last request: 3.001814 seconds.
  path: Assets/Prefabs/LevelCanvases/IceCanvas.prefab
  artifactKey: Guid(8e15f2fefff6bf54cad3aa090ea0adb9) Importer(815301076,1909f56bfc062723c751e8b465ee728b)
Start importing Assets/Prefabs/LevelCanvases/IceCanvas.prefab using Guid(8e15f2fefff6bf54cad3aa090ea0adb9) Importer(815301076,1909f56bfc062723c751e8b465ee728b)  -> (artifact id: '19f950133c1d19d749080ea721dd1671') in 0.007716 seconds
  Import took 0.050281 seconds .

========================================================================
Received Import Request.
  Time since last request: 0.946875 seconds.
  path: Assets/Prefabs/LevelCanvases/IceCanvas.prefab
  artifactKey: Guid(8e15f2fefff6bf54cad3aa090ea0adb9) Importer(815301076,1909f56bfc062723c751e8b465ee728b)
Start importing Assets/Prefabs/LevelCanvases/IceCanvas.prefab using Guid(8e15f2fefff6bf54cad3aa090ea0adb9) Importer(815301076,1909f56bfc062723c751e8b465ee728b)  -> (artifact id: '43f2c10891310b67ba54a71b5e6b2cff') in 0.008093 seconds
  Import took 0.035372 seconds .

========================================================================
Received Import Request.
  Time since last request: 1.180716 seconds.
  path: Assets/Prefabs/LevelCanvases/IceCanvas.prefab
  artifactKey: Guid(8e15f2fefff6bf54cad3aa090ea0adb9) Importer(815301076,1909f56bfc062723c751e8b465ee728b)
Start importing Assets/Prefabs/LevelCanvases/IceCanvas.prefab using Guid(8e15f2fefff6bf54cad3aa090ea0adb9) Importer(815301076,1909f56bfc062723c751e8b465ee728b)  -> (artifact id: '2f64e48051d9e68b59f619215ea2a6d6') in 0.013392 seconds
  Import took 0.045138 seconds .

========================================================================
Received Import Request.
  Time since last request: 6.414695 seconds.
  path: Assets/Prefabs/LevelCanvases/IceCanvas.prefab
  artifactKey: Guid(8e15f2fefff6bf54cad3aa090ea0adb9) Importer(815301076,1909f56bfc062723c751e8b465ee728b)
Start importing Assets/Prefabs/LevelCanvases/IceCanvas.prefab using Guid(8e15f2fefff6bf54cad3aa090ea0adb9) Importer(815301076,1909f56bfc062723c751e8b465ee728b)  -> (artifact id: 'cf6f6eaeddf01f7a3dbce74d362cc0f3') in 0.008775 seconds
  Import took 0.034136 seconds .

========================================================================
Received Import Request.
  Time since last request: 2.800193 seconds.
  path: Assets/Prefabs/LevelCanvases/IceCanvas.prefab
  artifactKey: Guid(8e15f2fefff6bf54cad3aa090ea0adb9) Importer(815301076,1909f56bfc062723c751e8b465ee728b)
Start importing Assets/Prefabs/LevelCanvases/IceCanvas.prefab using Guid(8e15f2fefff6bf54cad3aa090ea0adb9) Importer(815301076,1909f56bfc062723c751e8b465ee728b)  -> (artifact id: 'b745643e64db8d9181ffb4af538da57e') in 0.007451 seconds
  Import took 0.053691 seconds .

========================================================================
Received Import Request.
  Time since last request: 9.399437 seconds.
  path: Assets/Prefabs/LevelCanvases/IceCanvas.prefab
  artifactKey: Guid(8e15f2fefff6bf54cad3aa090ea0adb9) Importer(815301076,1909f56bfc062723c751e8b465ee728b)
Start importing Assets/Prefabs/LevelCanvases/IceCanvas.prefab using Guid(8e15f2fefff6bf54cad3aa090ea0adb9) Importer(815301076,1909f56bfc062723c751e8b465ee728b)  -> (artifact id: '9bfd874222d3463df68d2b9b58da190d') in 0.009631 seconds
  Import took 0.036493 seconds .

========================================================================
Received Import Request.
  Time since last request: 7.337758 seconds.
  path: Assets/Prefabs/LevelCanvases/IceCanvas.prefab
  artifactKey: Guid(8e15f2fefff6bf54cad3aa090ea0adb9) Importer(815301076,1909f56bfc062723c751e8b465ee728b)
Start importing Assets/Prefabs/LevelCanvases/IceCanvas.prefab using Guid(8e15f2fefff6bf54cad3aa090ea0adb9) Importer(815301076,1909f56bfc062723c751e8b465ee728b)  -> (artifact id: 'cf47ce49101e83b52572d47b0025e546') in 0.008985 seconds
  Import took 0.025804 seconds .

========================================================================
Received Import Request.
  Time since last request: 5.547891 seconds.
  path: Assets/Prefabs/LevelCanvases/ForestCanvas.prefab
  artifactKey: Guid(2aae97eaaad97f74984c3310f022f602) Importer(815301076,1909f56bfc062723c751e8b465ee728b)
Start importing Assets/Prefabs/LevelCanvases/ForestCanvas.prefab using Guid(2aae97eaaad97f74984c3310f022f602) Importer(815301076,1909f56bfc062723c751e8b465ee728b)  -> (artifact id: '834c976c2c9875ff6add33702cdaaf17') in 0.008725 seconds
  Import took 0.028815 seconds .

========================================================================
Received Import Request.
  Time since last request: 1.830646 seconds.
  path: Assets/Prefabs/LevelCanvases/ForestCanvas.prefab
  artifactKey: Guid(2aae97eaaad97f74984c3310f022f602) Importer(815301076,1909f56bfc062723c751e8b465ee728b)
Start importing Assets/Prefabs/LevelCanvases/ForestCanvas.prefab using Guid(2aae97eaaad97f74984c3310f022f602) Importer(815301076,1909f56bfc062723c751e8b465ee728b)  -> (artifact id: '8a619bb3b2a3d45abb93d257f86cc23b') in 0.007656 seconds
  Import took 0.012746 seconds .

========================================================================
Received Import Request.
  Time since last request: 1.385302 seconds.
  path: Assets/Prefabs/LevelCanvases/ForestCanvas.prefab
  artifactKey: Guid(2aae97eaaad97f74984c3310f022f602) Importer(815301076,1909f56bfc062723c751e8b465ee728b)
Start importing Assets/Prefabs/LevelCanvases/ForestCanvas.prefab using Guid(2aae97eaaad97f74984c3310f022f602) Importer(815301076,1909f56bfc062723c751e8b465ee728b)  -> (artifact id: 'ee38d04427b3ddd26f79b7bc58334f9f') in 0.007564 seconds
  Import took 0.036856 seconds .

========================================================================
Received Import Request.
  Time since last request: 3.991945 seconds.
  path: Assets/Prefabs/LevelCanvases/ForestCanvas.prefab
  artifactKey: Guid(2aae97eaaad97f74984c3310f022f602) Importer(815301076,1909f56bfc062723c751e8b465ee728b)
Start importing Assets/Prefabs/LevelCanvases/ForestCanvas.prefab using Guid(2aae97eaaad97f74984c3310f022f602) Importer(815301076,1909f56bfc062723c751e8b465ee728b)  -> (artifact id: 'c8fae371e292cd06830c02f2419a702c') in 0.008951 seconds
  Import took 0.033130 seconds .

========================================================================
Received Import Request.
  Time since last request: 1.188776 seconds.
  path: Assets/Prefabs/LevelCanvases/ForestCanvas.prefab
  artifactKey: Guid(2aae97eaaad97f74984c3310f022f602) Importer(815301076,1909f56bfc062723c751e8b465ee728b)
Start importing Assets/Prefabs/LevelCanvases/ForestCanvas.prefab using Guid(2aae97eaaad97f74984c3310f022f602) Importer(815301076,1909f56bfc062723c751e8b465ee728b)  -> (artifact id: 'a7a037a1c7d6e673086bb8e42f507fa6') in 0.016887 seconds
  Import took 0.046743 seconds .

========================================================================
Received Import Request.
  Time since last request: 5.153538 seconds.
  path: Assets/Prefabs/LevelCanvases/ForestCanvas.prefab
  artifactKey: Guid(2aae97eaaad97f74984c3310f022f602) Importer(815301076,1909f56bfc062723c751e8b465ee728b)
Start importing Assets/Prefabs/LevelCanvases/ForestCanvas.prefab using Guid(2aae97eaaad97f74984c3310f022f602) Importer(815301076,1909f56bfc062723c751e8b465ee728b)  -> (artifact id: 'f6a6118104b112749b0362afe42161c7') in 0.007981 seconds
  Import took 0.056027 seconds .

========================================================================
Received Import Request.
  Time since last request: 10.671923 seconds.
  path: Assets/Prefabs/LevelCanvases/DesertCanvas.prefab
  artifactKey: Guid(bd478fcbc89bd2a4d8944804fa0d6332) Importer(815301076,1909f56bfc062723c751e8b465ee728b)
Start importing Assets/Prefabs/LevelCanvases/DesertCanvas.prefab using Guid(bd478fcbc89bd2a4d8944804fa0d6332) Importer(815301076,1909f56bfc062723c751e8b465ee728b)  -> (artifact id: '4c64c29f11f222273a7528b156656f82') in 0.011120 seconds
  Import took 0.033691 seconds .

========================================================================
Received Import Request.
  Time since last request: 3.266702 seconds.
  path: Assets/Prefabs/LevelCanvases/DesertCanvas.prefab
  artifactKey: Guid(bd478fcbc89bd2a4d8944804fa0d6332) Importer(815301076,1909f56bfc062723c751e8b465ee728b)
Start importing Assets/Prefabs/LevelCanvases/DesertCanvas.prefab using Guid(bd478fcbc89bd2a4d8944804fa0d6332) Importer(815301076,1909f56bfc062723c751e8b465ee728b)  -> (artifact id: '0c506f39b8a9ba26947a99cde16dc4fc') in 0.020512 seconds
  Import took 0.037970 seconds .

========================================================================
Received Import Request.
  Time since last request: 2.779301 seconds.
  path: Assets/Prefabs/LevelCanvases/DesertCanvas.prefab
  artifactKey: Guid(bd478fcbc89bd2a4d8944804fa0d6332) Importer(815301076,1909f56bfc062723c751e8b465ee728b)
Start importing Assets/Prefabs/LevelCanvases/DesertCanvas.prefab using Guid(bd478fcbc89bd2a4d8944804fa0d6332) Importer(815301076,1909f56bfc062723c751e8b465ee728b)  -> (artifact id: '86bae94f21eba3870787aee9d2890a62') in 0.008106 seconds
  Import took 0.013259 seconds .

========================================================================
Received Import Request.
  Time since last request: 2.836570 seconds.
  path: Assets/Prefabs/LevelCanvases/DesertCanvas.prefab
  artifactKey: Guid(bd478fcbc89bd2a4d8944804fa0d6332) Importer(815301076,1909f56bfc062723c751e8b465ee728b)
Start importing Assets/Prefabs/LevelCanvases/DesertCanvas.prefab using Guid(bd478fcbc89bd2a4d8944804fa0d6332) Importer(815301076,1909f56bfc062723c751e8b465ee728b)  -> (artifact id: '186a82b965d919aa993540f7bafca4f0') in 0.008533 seconds
  Import took 0.036749 seconds .

========================================================================
Received Import Request.
  Time since last request: 3.388904 seconds.
  path: Assets/Prefabs/LevelCanvases/DesertCanvas.prefab
  artifactKey: Guid(bd478fcbc89bd2a4d8944804fa0d6332) Importer(815301076,1909f56bfc062723c751e8b465ee728b)
Start importing Assets/Prefabs/LevelCanvases/DesertCanvas.prefab using Guid(bd478fcbc89bd2a4d8944804fa0d6332) Importer(815301076,1909f56bfc062723c751e8b465ee728b)  -> (artifact id: 'f6830ed11acd8f9999266032d81ce87b') in 0.015905 seconds
  Import took 0.034271 seconds .

========================================================================
Received Import Request.
  Time since last request: 6.025237 seconds.
  path: Assets/Prefabs/LevelCanvases/DesertCanvas.prefab
  artifactKey: Guid(bd478fcbc89bd2a4d8944804fa0d6332) Importer(815301076,1909f56bfc062723c751e8b465ee728b)
Start importing Assets/Prefabs/LevelCanvases/DesertCanvas.prefab using Guid(bd478fcbc89bd2a4d8944804fa0d6332) Importer(815301076,1909f56bfc062723c751e8b465ee728b)  -> (artifact id: '9024c26033d433a3b61bf014fb6fd38e') in 0.012657 seconds
  Import took 0.046792 seconds .

========================================================================
Received Import Request.
  Time since last request: 6.210690 seconds.
  path: Assets/Prefabs/LevelCanvases/DesertCanvas.prefab
  artifactKey: Guid(bd478fcbc89bd2a4d8944804fa0d6332) Importer(815301076,1909f56bfc062723c751e8b465ee728b)
Start importing Assets/Prefabs/LevelCanvases/DesertCanvas.prefab using Guid(bd478fcbc89bd2a4d8944804fa0d6332) Importer(815301076,1909f56bfc062723c751e8b465ee728b)  -> (artifact id: 'a03966cab46d531d448657c5ae281ce8') in 0.006900 seconds
  Import took 0.046047 seconds .

========================================================================
Received Import Request.
  Time since last request: 14.298106 seconds.
  path: Assets/Prefabs/LevelCanvases/VolcanoCanvas.prefab
  artifactKey: Guid(10f0c213bd5ade64d8b1fd8d4e5b7253) Importer(815301076,1909f56bfc062723c751e8b465ee728b)
Start importing Assets/Prefabs/LevelCanvases/VolcanoCanvas.prefab using Guid(10f0c213bd5ade64d8b1fd8d4e5b7253) Importer(815301076,1909f56bfc062723c751e8b465ee728b)  -> (artifact id: '16e2a4b05583e5e33d52cd5929f582d9') in 0.007502 seconds
  Import took 0.012427 seconds .

========================================================================
Received Import Request.
  Time since last request: 17.294911 seconds.
  path: Assets/Prefabs/LevelCanvases/FactoryCanvas.prefab
  artifactKey: Guid(40ed12269ef23d64988ef285326d9079) Importer(815301076,1909f56bfc062723c751e8b465ee728b)
Start importing Assets/Prefabs/LevelCanvases/FactoryCanvas.prefab using Guid(40ed12269ef23d64988ef285326d9079) Importer(815301076,1909f56bfc062723c751e8b465ee728b)  -> (artifact id: 'b216af7adf3beb062c9f9269313057bd') in 0.007733 seconds
  Import took 0.041580 seconds .

========================================================================
Received Import Request.
  Time since last request: 2.874946 seconds.
  path: Assets/Prefabs/LevelCanvases/FactoryCanvas.prefab
  artifactKey: Guid(40ed12269ef23d64988ef285326d9079) Importer(815301076,1909f56bfc062723c751e8b465ee728b)
Start importing Assets/Prefabs/LevelCanvases/FactoryCanvas.prefab using Guid(40ed12269ef23d64988ef285326d9079) Importer(815301076,1909f56bfc062723c751e8b465ee728b)  -> (artifact id: '48e28afd9edc3d021bf90f83788124c6') in 0.008124 seconds
  Import took 0.028044 seconds .

========================================================================
Received Import Request.
  Time since last request: 3.778507 seconds.
  path: Assets/Prefabs/LevelCanvases/FactoryCanvas.prefab
  artifactKey: Guid(40ed12269ef23d64988ef285326d9079) Importer(815301076,1909f56bfc062723c751e8b465ee728b)
Start importing Assets/Prefabs/LevelCanvases/FactoryCanvas.prefab using Guid(40ed12269ef23d64988ef285326d9079) Importer(815301076,1909f56bfc062723c751e8b465ee728b)  -> (artifact id: '05dbda07c60b79fa5d25ec453a6017af') in 0.009866 seconds
  Import took 0.028102 seconds .

========================================================================
Received Import Request.
  Time since last request: 14.485608 seconds.
  path: Assets/Prefabs/LevelCanvases/CavernsCanvas.prefab
  artifactKey: Guid(e6f67a65e61bef54d9e55125e53f1635) Importer(815301076,1909f56bfc062723c751e8b465ee728b)
Start importing Assets/Prefabs/LevelCanvases/CavernsCanvas.prefab using Guid(e6f67a65e61bef54d9e55125e53f1635) Importer(815301076,1909f56bfc062723c751e8b465ee728b)  -> (artifact id: '8249d9aa1277ecf227d83466177e3a3e') in 0.008828 seconds
  Import took 0.038977 seconds .

========================================================================
Received Import Request.
  Time since last request: 4.288534 seconds.
  path: Assets/Prefabs/LevelCanvases/CavernsCanvas.prefab
  artifactKey: Guid(e6f67a65e61bef54d9e55125e53f1635) Importer(815301076,1909f56bfc062723c751e8b465ee728b)
Start importing Assets/Prefabs/LevelCanvases/CavernsCanvas.prefab using Guid(e6f67a65e61bef54d9e55125e53f1635) Importer(815301076,1909f56bfc062723c751e8b465ee728b)  -> (artifact id: '904927afef0e0748cf0a709fd790870b') in 0.008483 seconds
  Import took 0.043176 seconds .

========================================================================
Received Import Request.
  Time since last request: 1.585584 seconds.
  path: Assets/Prefabs/LevelCanvases/CavernsCanvas.prefab
  artifactKey: Guid(e6f67a65e61bef54d9e55125e53f1635) Importer(815301076,1909f56bfc062723c751e8b465ee728b)
Start importing Assets/Prefabs/LevelCanvases/CavernsCanvas.prefab using Guid(e6f67a65e61bef54d9e55125e53f1635) Importer(815301076,1909f56bfc062723c751e8b465ee728b)  -> (artifact id: 'bcf190a7daf1d5ed466e3d64311577f8') in 0.007688 seconds
  Import took 0.036801 seconds .

========================================================================
Received Import Request.
  Time since last request: 4.001380 seconds.
  path: Assets/Prefabs/LevelCanvases/CavernsCanvas.prefab
  artifactKey: Guid(e6f67a65e61bef54d9e55125e53f1635) Importer(815301076,1909f56bfc062723c751e8b465ee728b)
Start importing Assets/Prefabs/LevelCanvases/CavernsCanvas.prefab using Guid(e6f67a65e61bef54d9e55125e53f1635) Importer(815301076,1909f56bfc062723c751e8b465ee728b)  -> (artifact id: 'f4c006d7048596bdc75e4ce71898d7f0') in 0.007776 seconds
  Import took 0.035241 seconds .

========================================================================
Received Import Request.
  Time since last request: 1.804876 seconds.
  path: Assets/Prefabs/LevelCanvases/CavernsCanvas.prefab
  artifactKey: Guid(e6f67a65e61bef54d9e55125e53f1635) Importer(815301076,1909f56bfc062723c751e8b465ee728b)
Start importing Assets/Prefabs/LevelCanvases/CavernsCanvas.prefab using Guid(e6f67a65e61bef54d9e55125e53f1635) Importer(815301076,1909f56bfc062723c751e8b465ee728b)  -> (artifact id: '623ad0f841153d78b1364dca40c6ebe7') in 0.008469 seconds
  Import took 0.037632 seconds .

========================================================================
Received Import Request.
  Time since last request: 1.355030 seconds.
  path: Assets/Prefabs/LevelCanvases/CavernsCanvas.prefab
  artifactKey: Guid(e6f67a65e61bef54d9e55125e53f1635) Importer(815301076,1909f56bfc062723c751e8b465ee728b)
Start importing Assets/Prefabs/LevelCanvases/CavernsCanvas.prefab using Guid(e6f67a65e61bef54d9e55125e53f1635) Importer(815301076,1909f56bfc062723c751e8b465ee728b)  -> (artifact id: 'c1c4e38a11980d480199c94857c4216f') in 0.008955 seconds
  Import took 0.034191 seconds .

========================================================================
Received Import Request.
  Time since last request: 6.501853 seconds.
  path: Assets/Prefabs/LevelCanvases/CavernsCanvas.prefab
  artifactKey: Guid(e6f67a65e61bef54d9e55125e53f1635) Importer(815301076,1909f56bfc062723c751e8b465ee728b)
Start importing Assets/Prefabs/LevelCanvases/CavernsCanvas.prefab using Guid(e6f67a65e61bef54d9e55125e53f1635) Importer(815301076,1909f56bfc062723c751e8b465ee728b)  -> (artifact id: '591aa67290a0214fdb69b017f318ee7f') in 0.006855 seconds
  Import took 0.027814 seconds .

========================================================================
Received Import Request.
  Time since last request: 8.625554 seconds.
  path: Assets/Prefabs/LevelCanvases/RuinsCanvas.prefab
  artifactKey: Guid(5a77a07d0afad484ba4fc36626fd0aa9) Importer(815301076,1909f56bfc062723c751e8b465ee728b)
Start importing Assets/Prefabs/LevelCanvases/RuinsCanvas.prefab using Guid(5a77a07d0afad484ba4fc36626fd0aa9) Importer(815301076,1909f56bfc062723c751e8b465ee728b)  -> (artifact id: '809ed0e9361552f3c8d01001a522d517') in 0.007805 seconds
  Import took 0.023947 seconds .

========================================================================
Received Import Request.
  Time since last request: 3.531027 seconds.
  path: Assets/Prefabs/LevelCanvases/RuinsCanvas.prefab
  artifactKey: Guid(5a77a07d0afad484ba4fc36626fd0aa9) Importer(815301076,1909f56bfc062723c751e8b465ee728b)
Start importing Assets/Prefabs/LevelCanvases/RuinsCanvas.prefab using Guid(5a77a07d0afad484ba4fc36626fd0aa9) Importer(815301076,1909f56bfc062723c751e8b465ee728b)  -> (artifact id: '6e76fd1568853e32ff58c2bc9c10c966') in 0.007375 seconds
  Import took 0.035039 seconds .

========================================================================
Received Import Request.
  Time since last request: 0.335907 seconds.
  path: Assets/Prefabs/LevelCanvases/RuinsCanvas.prefab
  artifactKey: Guid(5a77a07d0afad484ba4fc36626fd0aa9) Importer(815301076,1909f56bfc062723c751e8b465ee728b)
Start importing Assets/Prefabs/LevelCanvases/RuinsCanvas.prefab using Guid(5a77a07d0afad484ba4fc36626fd0aa9) Importer(815301076,1909f56bfc062723c751e8b465ee728b)  -> (artifact id: '8908c0092b61d8631ae422639a961c1c') in 0.008009 seconds
  Import took 0.028394 seconds .

========================================================================
Received Import Request.
  Time since last request: 1.236428 seconds.
  path: Assets/Prefabs/LevelCanvases/RuinsCanvas.prefab
  artifactKey: Guid(5a77a07d0afad484ba4fc36626fd0aa9) Importer(815301076,1909f56bfc062723c751e8b465ee728b)
Start importing Assets/Prefabs/LevelCanvases/RuinsCanvas.prefab using Guid(5a77a07d0afad484ba4fc36626fd0aa9) Importer(815301076,1909f56bfc062723c751e8b465ee728b)  -> (artifact id: '2637f2e84dfe85f67f9247bc681e88ad') in 0.009620 seconds
  Import took 0.042112 seconds .

========================================================================
Received Import Request.
  Time since last request: 3.156579 seconds.
  path: Assets/Prefabs/LevelCanvases/RuinsCanvas.prefab
  artifactKey: Guid(5a77a07d0afad484ba4fc36626fd0aa9) Importer(815301076,1909f56bfc062723c751e8b465ee728b)
Start importing Assets/Prefabs/LevelCanvases/RuinsCanvas.prefab using Guid(5a77a07d0afad484ba4fc36626fd0aa9) Importer(815301076,1909f56bfc062723c751e8b465ee728b)  -> (artifact id: '9a06ea1cc9f751cb9bee8f72d8941d04') in 0.007451 seconds
  Import took 0.039071 seconds .

========================================================================
Received Import Request.
  Time since last request: 2.962742 seconds.
  path: Assets/Prefabs/LevelCanvases/RuinsCanvas.prefab
  artifactKey: Guid(5a77a07d0afad484ba4fc36626fd0aa9) Importer(815301076,1909f56bfc062723c751e8b465ee728b)
Start importing Assets/Prefabs/LevelCanvases/RuinsCanvas.prefab using Guid(5a77a07d0afad484ba4fc36626fd0aa9) Importer(815301076,1909f56bfc062723c751e8b465ee728b)  -> (artifact id: '73937a4889a32fe60ca6d9dce1252261') in 0.008781 seconds
  Import took 0.038102 seconds .

========================================================================
Received Import Request.
  Time since last request: 1.615561 seconds.
  path: Assets/Prefabs/LevelCanvases/RuinsCanvas.prefab
  artifactKey: Guid(5a77a07d0afad484ba4fc36626fd0aa9) Importer(815301076,1909f56bfc062723c751e8b465ee728b)
Start importing Assets/Prefabs/LevelCanvases/RuinsCanvas.prefab using Guid(5a77a07d0afad484ba4fc36626fd0aa9) Importer(815301076,1909f56bfc062723c751e8b465ee728b)  -> (artifact id: 'b599a0ca81a0fa16ba6bb54dd188a575') in 0.007484 seconds
  Import took 0.035736 seconds .

========================================================================
Received Import Request.
  Time since last request: 6.008569 seconds.
  path: Assets/Prefabs/LevelCanvases/RuinsCanvas.prefab
  artifactKey: Guid(5a77a07d0afad484ba4fc36626fd0aa9) Importer(815301076,1909f56bfc062723c751e8b465ee728b)
Start importing Assets/Prefabs/LevelCanvases/RuinsCanvas.prefab using Guid(5a77a07d0afad484ba4fc36626fd0aa9) Importer(815301076,1909f56bfc062723c751e8b465ee728b)  -> (artifact id: '0b24f3a5458ef5bb7b2014d9b24b1e96') in 0.008828 seconds
  Import took 0.050398 seconds .

========================================================================
Received Import Request.
  Time since last request: 6.226382 seconds.
  path: Assets/Prefabs/LevelCanvases/SkyCanvas.prefab
  artifactKey: Guid(2dcc4571947171f49a2949162e2f60d9) Importer(815301076,1909f56bfc062723c751e8b465ee728b)
Start importing Assets/Prefabs/LevelCanvases/SkyCanvas.prefab using Guid(2dcc4571947171f49a2949162e2f60d9) Importer(815301076,1909f56bfc062723c751e8b465ee728b)  -> (artifact id: '76ef31ab688a4af5e5e96250e3ee38c3') in 0.007862 seconds
  Import took 0.034890 seconds .

========================================================================
Received Import Request.
  Time since last request: 1.803218 seconds.
  path: Assets/Prefabs/LevelCanvases/SkyCanvas.prefab
  artifactKey: Guid(2dcc4571947171f49a2949162e2f60d9) Importer(815301076,1909f56bfc062723c751e8b465ee728b)
Start importing Assets/Prefabs/LevelCanvases/SkyCanvas.prefab using Guid(2dcc4571947171f49a2949162e2f60d9) Importer(815301076,1909f56bfc062723c751e8b465ee728b)  -> (artifact id: '2f30ef6675f45b8c60c413c80c609b46') in 0.008531 seconds
  Import took 0.013459 seconds .

========================================================================
Received Import Request.
  Time since last request: 0.780102 seconds.
  path: Assets/Prefabs/LevelCanvases/SkyCanvas.prefab
  artifactKey: Guid(2dcc4571947171f49a2949162e2f60d9) Importer(815301076,1909f56bfc062723c751e8b465ee728b)
Start importing Assets/Prefabs/LevelCanvases/SkyCanvas.prefab using Guid(2dcc4571947171f49a2949162e2f60d9) Importer(815301076,1909f56bfc062723c751e8b465ee728b)  -> (artifact id: '6ec0e9776f3e9f6dac5840c89bd7db5b') in 0.007045 seconds
  Import took 0.012110 seconds .

========================================================================
Received Import Request.
  Time since last request: 2.804719 seconds.
  path: Assets/Prefabs/LevelCanvases/SkyCanvas.prefab
  artifactKey: Guid(2dcc4571947171f49a2949162e2f60d9) Importer(815301076,1909f56bfc062723c751e8b465ee728b)
Start importing Assets/Prefabs/LevelCanvases/SkyCanvas.prefab using Guid(2dcc4571947171f49a2949162e2f60d9) Importer(815301076,1909f56bfc062723c751e8b465ee728b)  -> (artifact id: '6753b6091693a4e6ba43542a6c01c5ad') in 0.010215 seconds
  Import took 0.052748 seconds .

========================================================================
Received Import Request.
  Time since last request: 1.160757 seconds.
  path: Assets/Prefabs/LevelCanvases/SkyCanvas.prefab
  artifactKey: Guid(2dcc4571947171f49a2949162e2f60d9) Importer(815301076,1909f56bfc062723c751e8b465ee728b)
Start importing Assets/Prefabs/LevelCanvases/SkyCanvas.prefab using Guid(2dcc4571947171f49a2949162e2f60d9) Importer(815301076,1909f56bfc062723c751e8b465ee728b)  -> (artifact id: '70bd2ce00e922585980c8ecbe88faa83') in 0.007511 seconds
  Import took 0.033684 seconds .

========================================================================
Received Import Request.
  Time since last request: 4.447678 seconds.
  path: Assets/Prefabs/LevelCanvases/SkyCanvas.prefab
  artifactKey: Guid(2dcc4571947171f49a2949162e2f60d9) Importer(815301076,1909f56bfc062723c751e8b465ee728b)
Start importing Assets/Prefabs/LevelCanvases/SkyCanvas.prefab using Guid(2dcc4571947171f49a2949162e2f60d9) Importer(815301076,1909f56bfc062723c751e8b465ee728b)  -> (artifact id: '753dc1102e3336005a2ce7a56db5050e') in 0.008786 seconds
  Import took 0.031723 seconds .

========================================================================
Received Import Request.
  Time since last request: 2.169732 seconds.
  path: Assets/Prefabs/LevelCanvases/SkyCanvas.prefab
  artifactKey: Guid(2dcc4571947171f49a2949162e2f60d9) Importer(815301076,1909f56bfc062723c751e8b465ee728b)
Start importing Assets/Prefabs/LevelCanvases/SkyCanvas.prefab using Guid(2dcc4571947171f49a2949162e2f60d9) Importer(815301076,1909f56bfc062723c751e8b465ee728b)  -> (artifact id: '740409ba6af3f06db203f13bc514d9d5') in 0.007594 seconds
  Import took 0.050598 seconds .

========================================================================
Received Import Request.
  Time since last request: 5.384425 seconds.
  path: Assets/Prefabs/LevelCanvases/SkyCanvas.prefab
  artifactKey: Guid(2dcc4571947171f49a2949162e2f60d9) Importer(815301076,1909f56bfc062723c751e8b465ee728b)
Start importing Assets/Prefabs/LevelCanvases/SkyCanvas.prefab using Guid(2dcc4571947171f49a2949162e2f60d9) Importer(815301076,1909f56bfc062723c751e8b465ee728b)  -> (artifact id: '5d814f9c2a9bf60ddce8156a2ce86ac0') in 0.016467 seconds
  Import took 0.041554 seconds .

========================================================================
Received Import Request.
  Time since last request: 5.028315 seconds.
  path: Assets/Prefabs/LevelCanvases/SkyCanvas.prefab
  artifactKey: Guid(2dcc4571947171f49a2949162e2f60d9) Importer(815301076,1909f56bfc062723c751e8b465ee728b)
Start importing Assets/Prefabs/LevelCanvases/SkyCanvas.prefab using Guid(2dcc4571947171f49a2949162e2f60d9) Importer(815301076,1909f56bfc062723c751e8b465ee728b)  -> (artifact id: '544b03ad590e0eab335a05dd3c3fd183') in 0.008151 seconds
  Import took 0.026582 seconds .

========================================================================
Received Import Request.
  Time since last request: 6.916954 seconds.
  path: Assets/Prefabs/LevelCanvases/MoonCanvas.prefab
  artifactKey: Guid(5dce799cd4b4df04e914b7de6d9aa9ac) Importer(815301076,1909f56bfc062723c751e8b465ee728b)
Start importing Assets/Prefabs/LevelCanvases/MoonCanvas.prefab using Guid(5dce799cd4b4df04e914b7de6d9aa9ac) Importer(815301076,1909f56bfc062723c751e8b465ee728b)  -> (artifact id: 'f22ac1565a2a385d263762b34b87af42') in 0.007356 seconds
  Import took 0.038912 seconds .

========================================================================
Received Import Request.
  Time since last request: 1.584133 seconds.
  path: Assets/Prefabs/LevelCanvases/MoonCanvas.prefab
  artifactKey: Guid(5dce799cd4b4df04e914b7de6d9aa9ac) Importer(815301076,1909f56bfc062723c751e8b465ee728b)
Start importing Assets/Prefabs/LevelCanvases/MoonCanvas.prefab using Guid(5dce799cd4b4df04e914b7de6d9aa9ac) Importer(815301076,1909f56bfc062723c751e8b465ee728b)  -> (artifact id: '5964f6fc6f960df3f55c479b920b9c62') in 0.008448 seconds
  Import took 0.036464 seconds .

========================================================================
Received Import Request.
  Time since last request: 2.403306 seconds.
  path: Assets/Prefabs/LevelCanvases/MoonCanvas.prefab
  artifactKey: Guid(5dce799cd4b4df04e914b7de6d9aa9ac) Importer(815301076,1909f56bfc062723c751e8b465ee728b)
Start importing Assets/Prefabs/LevelCanvases/MoonCanvas.prefab using Guid(5dce799cd4b4df04e914b7de6d9aa9ac) Importer(815301076,1909f56bfc062723c751e8b465ee728b)  -> (artifact id: '357d009c5d1231c2f37bd94d1fce3519') in 0.008117 seconds
  Import took 0.041279 seconds .

========================================================================
Received Import Request.
  Time since last request: 1.951987 seconds.
  path: Assets/Prefabs/LevelCanvases/MoonCanvas.prefab
  artifactKey: Guid(5dce799cd4b4df04e914b7de6d9aa9ac) Importer(815301076,1909f56bfc062723c751e8b465ee728b)
Start importing Assets/Prefabs/LevelCanvases/MoonCanvas.prefab using Guid(5dce799cd4b4df04e914b7de6d9aa9ac) Importer(815301076,1909f56bfc062723c751e8b465ee728b)  -> (artifact id: '3a268da3f9e69683e99d00ac047ef44d') in 0.008004 seconds
  Import took 0.027366 seconds .

========================================================================
Received Import Request.
  Time since last request: 4.040083 seconds.
  path: Assets/Prefabs/LevelCanvases/MoonCanvas.prefab
  artifactKey: Guid(5dce799cd4b4df04e914b7de6d9aa9ac) Importer(815301076,1909f56bfc062723c751e8b465ee728b)
Start importing Assets/Prefabs/LevelCanvases/MoonCanvas.prefab using Guid(5dce799cd4b4df04e914b7de6d9aa9ac) Importer(815301076,1909f56bfc062723c751e8b465ee728b)  -> (artifact id: '947051da0af06e77d4d3bb5268dd1c61') in 0.007681 seconds
  Import took 0.061833 seconds .

========================================================================
Received Import Request.
  Time since last request: 10.440500 seconds.
  path: Assets/Prefabs/LevelCanvases/MoonCanvas.prefab
  artifactKey: Guid(5dce799cd4b4df04e914b7de6d9aa9ac) Importer(815301076,1909f56bfc062723c751e8b465ee728b)
Start importing Assets/Prefabs/LevelCanvases/MoonCanvas.prefab using Guid(5dce799cd4b4df04e914b7de6d9aa9ac) Importer(815301076,1909f56bfc062723c751e8b465ee728b)  -> (artifact id: '0607b860b6d143c2746c06a0c44f476a') in 0.008797 seconds
  Import took 0.031675 seconds .

========================================================================
Received Import Request.
  Time since last request: 6.354329 seconds.
  path: Assets/Prefabs/LevelCanvases/MoonCanvas.prefab
  artifactKey: Guid(5dce799cd4b4df04e914b7de6d9aa9ac) Importer(815301076,1909f56bfc062723c751e8b465ee728b)
Start importing Assets/Prefabs/LevelCanvases/MoonCanvas.prefab using Guid(5dce799cd4b4df04e914b7de6d9aa9ac) Importer(815301076,1909f56bfc062723c751e8b465ee728b)  -> (artifact id: 'bc542a70cbc06cd34a076e19e629ff69') in 0.007481 seconds
  Import took 0.012489 seconds .

AssetImportWorkerClient::OnTransportError - code=2 error=End of file
